2026-01-05 11:06:24.648 [org.springframework.kafka.KafkaListenerEndpointContainer#0-0-C-1] ERROR o.a.k.c.c.i.ConsumerRebalanceListenerInvoker - [Consumer clientId=consumer-file-processing-group-1, groupId=file-processing-group] User provided listener org.springframework.kafka.listener.KafkaMessageListenerContainer$ListenerConsumer$ListenerConsumerRebalanceListener failed on invocation of onPartitionsAssigned for partitions [file-processing-topic1-0]
org.apache.kafka.common.errors.TimeoutException: Timeout of 60000ms expired before the position for partition file-processing-topic1-0 could be determined
2026-01-05 11:06:24.652 [org.springframework.kafka.KafkaListenerEndpointContainer#0-0-C-1] ERROR o.s.kafka.listener.KafkaMessageListenerContainer - Consumer exception
java.lang.IllegalStateException: This error handler cannot process 'org.apache.kafka.common.errors.TimeoutException's; no record information is available
	at org.springframework.kafka.listener.DefaultErrorHandler.handleOtherException(DefaultErrorHandler.java:198)
	at org.springframework.kafka.listener.KafkaMessageListenerContainer$ListenerConsumer.handleConsumerException(KafkaMessageListenerContainer.java:1925)
	at org.springframework.kafka.listener.KafkaMessageListenerContainer$ListenerConsumer.run(KafkaMessageListenerContainer.java:1348)
	at java.base/java.util.concurrent.CompletableFuture$AsyncRun.run$$$capture(CompletableFuture.java:1804)
	at java.base/java.util.concurrent.CompletableFuture$AsyncRun.run(CompletableFuture.java)
	at java.base/java.lang.Thread.run(Thread.java:842)
Caused by: org.apache.kafka.common.errors.TimeoutException: Timeout of 60000ms expired before the position for partition file-processing-topic1-0 could be determined
2026-01-05 11:32:13.753 [org.springframework.kafka.KafkaListenerEndpointContainer#0-0-C-1] ERROR o.a.k.c.c.i.ConsumerRebalanceListenerInvoker - [Consumer clientId=consumer-file-processing-group-1, groupId=file-processing-group] User provided listener org.springframework.kafka.listener.KafkaMessageListenerContainer$ListenerConsumer$ListenerConsumerRebalanceListener failed on invocation of onPartitionsAssigned for partitions [file-processing-topic1-0]
org.apache.kafka.common.errors.TimeoutException: Timeout of 60000ms expired before the last committed offset for partitions [file-processing-topic1-0] could be determined. Try tuning default.api.timeout.ms larger to relax the threshold.
2026-01-05 11:32:13.754 [org.springframework.kafka.KafkaListenerEndpointContainer#0-0-C-1] ERROR o.s.kafka.listener.KafkaMessageListenerContainer - Consumer exception
java.lang.IllegalStateException: This error handler cannot process 'org.apache.kafka.common.errors.TimeoutException's; no record information is available
	at org.springframework.kafka.listener.DefaultErrorHandler.handleOtherException(DefaultErrorHandler.java:198)
	at org.springframework.kafka.listener.KafkaMessageListenerContainer$ListenerConsumer.handleConsumerException(KafkaMessageListenerContainer.java:1925)
	at org.springframework.kafka.listener.KafkaMessageListenerContainer$ListenerConsumer.run(KafkaMessageListenerContainer.java:1348)
	at java.base/java.util.concurrent.CompletableFuture$AsyncRun.run$$$capture(CompletableFuture.java:1804)
	at java.base/java.util.concurrent.CompletableFuture$AsyncRun.run(CompletableFuture.java)
	at java.base/java.lang.Thread.run(Thread.java:842)
Caused by: org.apache.kafka.common.errors.TimeoutException: Timeout of 60000ms expired before the last committed offset for partitions [file-processing-topic1-0] could be determined. Try tuning default.api.timeout.ms larger to relax the threshold.
2026-01-05 19:39:49.166 [http-nio-8081-exec-3] ERROR com.yizhaoqi.smartpai.client.EmbeddingClient - 调用向量化 API 失败: Connection reset
org.springframework.web.reactive.function.client.WebClientRequestException: Connection reset
	at org.springframework.web.reactive.function.client.ExchangeFunctions$DefaultExchangeFunction.lambda$wrapException$9(ExchangeFunctions.java:137)
	Suppressed: reactor.core.publisher.FluxOnAssembly$OnAssemblyException: 
Assembly trace from producer [reactor.core.publisher.MonoErrorSupplied] :
	reactor.core.publisher.Mono.error(Mono.java:315)
	org.springframework.web.reactive.function.client.ExchangeFunctions$DefaultExchangeFunction.wrapException(ExchangeFunctions.java:137)
Error has been observed at the following site(s):
	*____________Mono.error ⇢ at org.springframework.web.reactive.function.client.ExchangeFunctions$DefaultExchangeFunction.wrapException(ExchangeFunctions.java:137)
	*____Mono.onErrorResume ⇢ at org.springframework.web.reactive.function.client.ExchangeFunctions$DefaultExchangeFunction.exchange(ExchangeFunctions.java:106)
	|_             Mono.map ⇢ at org.springframework.web.reactive.function.client.ExchangeFunctions$DefaultExchangeFunction.exchange(ExchangeFunctions.java:107)
	|_        Mono.doOnNext ⇢ at org.springframework.web.reactive.function.client.DefaultWebClient$ObservationFilterFunction.filter(DefaultWebClient.java:745)
	*____________Mono.defer ⇢ at org.springframework.web.reactive.function.client.DefaultWebClient$DefaultRequestBodyUriSpec.lambda$exchange$12(DefaultWebClient.java:467)
	|_           checkpoint ⇢ Request to POST https://dashscope.aliyuncs.com/compatible-mode/v1/embeddings [DefaultWebClient]
	|_   Mono.switchIfEmpty ⇢ at org.springframework.web.reactive.function.client.DefaultWebClient$DefaultRequestBodyUriSpec.lambda$exchange$12(DefaultWebClient.java:472)
	|_        Mono.doOnNext ⇢ at org.springframework.web.reactive.function.client.DefaultWebClient$DefaultRequestBodyUriSpec.lambda$exchange$12(DefaultWebClient.java:478)
	|_       Mono.doOnError ⇢ at org.springframework.web.reactive.function.client.DefaultWebClient$DefaultRequestBodyUriSpec.lambda$exchange$12(DefaultWebClient.java:479)
	|_       Mono.doFinally ⇢ at org.springframework.web.reactive.function.client.DefaultWebClient$DefaultRequestBodyUriSpec.lambda$exchange$12(DefaultWebClient.java:480)
	|_    Mono.contextWrite ⇢ at org.springframework.web.reactive.function.client.DefaultWebClient$DefaultRequestBodyUriSpec.lambda$exchange$12(DefaultWebClient.java:486)
	*__Mono.deferContextual ⇢ at org.springframework.web.reactive.function.client.DefaultWebClient$DefaultRequestBodyUriSpec.exchange(DefaultWebClient.java:453)
	|_         Mono.flatMap ⇢ at org.springframework.web.reactive.function.client.DefaultWebClient$DefaultResponseSpec.bodyToMono(DefaultWebClient.java:580)
	|_       Mono.retryWhen ⇢ at com.yizhaoqi.smartpai.client.EmbeddingClient.callApiOnce(EmbeddingClient.java:78)
	*________Flux.concatMap ⇢ at reactor.util.retry.RetryBackoffSpec.lambda$generateCompanion$5(RetryBackoffSpec.java:593)
	|_     Flux.onErrorStop ⇢ at reactor.util.retry.RetryBackoffSpec.lambda$generateCompanion$5(RetryBackoffSpec.java:656)
	*__Flux.deferContextual ⇢ at reactor.util.retry.RetryBackoffSpec.generateCompanion(RetryBackoffSpec.java:591)
Original Stack Trace:
		at org.springframework.web.reactive.function.client.ExchangeFunctions$DefaultExchangeFunction.lambda$wrapException$9(ExchangeFunctions.java:137)
		at reactor.core.publisher.MonoErrorSupplied.subscribe(MonoErrorSupplied.java:55)
		at reactor.core.publisher.Mono.subscribe(Mono.java:4576)
		at reactor.core.publisher.FluxOnErrorResume$ResumeSubscriber.onError(FluxOnErrorResume.java:103)
		at reactor.core.publisher.FluxPeekFuseable$PeekFuseableSubscriber.onError(FluxPeekFuseable.java:234)
		at reactor.core.publisher.FluxPeekFuseable$PeekFuseableSubscriber.onError(FluxPeekFuseable.java:234)
		at reactor.core.publisher.FluxPeekFuseable$PeekFuseableSubscriber.onError(FluxPeekFuseable.java:234)
		at reactor.core.publisher.MonoNext$NextSubscriber.onError(MonoNext.java:93)
		at reactor.core.publisher.MonoFlatMapMany$FlatMapManyMain.onError(MonoFlatMapMany.java:205)
		at reactor.core.publisher.SerializedSubscriber.onError(SerializedSubscriber.java:124)
		at reactor.core.publisher.FluxRetryWhen$RetryWhenMainSubscriber.whenError(FluxRetryWhen.java:229)
		at reactor.core.publisher.FluxRetryWhen$RetryWhenOtherSubscriber.onError(FluxRetryWhen.java:279)
		at reactor.core.publisher.FluxContextWrite$ContextWriteSubscriber.onError(FluxContextWrite.java:121)
		at reactor.core.publisher.FluxConcatMapNoPrefetch$FluxConcatMapNoPrefetchSubscriber.maybeOnError(FluxConcatMapNoPrefetch.java:327)
		at reactor.core.publisher.FluxConcatMapNoPrefetch$FluxConcatMapNoPrefetchSubscriber.onNext(FluxConcatMapNoPrefetch.java:212)
		at reactor.core.publisher.FluxContextWrite$ContextWriteSubscriber.onNext(FluxContextWrite.java:107)
		at reactor.core.publisher.SinkManyEmitterProcessor.drain(SinkManyEmitterProcessor.java:476)
		at reactor.core.publisher.SinkManyEmitterProcessor$EmitterInner.drainParent(SinkManyEmitterProcessor.java:620)
		at reactor.core.publisher.FluxPublish$PubSubInner.request(FluxPublish.java:874)
		at reactor.core.publisher.FluxContextWrite$ContextWriteSubscriber.request(FluxContextWrite.java:136)
		at reactor.core.publisher.FluxConcatMapNoPrefetch$FluxConcatMapNoPrefetchSubscriber.request(FluxConcatMapNoPrefetch.java:337)
		at reactor.core.publisher.FluxContextWrite$ContextWriteSubscriber.request(FluxContextWrite.java:136)
		at reactor.core.publisher.Operators$DeferredSubscription.request(Operators.java:1743)
		at reactor.core.publisher.FluxRetryWhen$RetryWhenMainSubscriber.onError(FluxRetryWhen.java:196)
		at reactor.core.publisher.MonoCreate$DefaultMonoSink.error(MonoCreate.java:205)
		at reactor.netty.http.client.HttpClientConnect$HttpObserver.onUncaughtException(HttpClientConnect.java:410)
		at reactor.netty.ReactorNetty$CompositeConnectionObserver.onUncaughtException(ReactorNetty.java:709)
		at reactor.netty.resources.DefaultPooledConnectionProvider$DisposableAcquire.onUncaughtException(DefaultPooledConnectionProvider.java:225)
		at reactor.netty.resources.DefaultPooledConnectionProvider$PooledConnection.onUncaughtException(DefaultPooledConnectionProvider.java:478)
		at reactor.netty.channel.FluxReceive.drainReceiver(FluxReceive.java:245)
		at reactor.netty.channel.FluxReceive.onInboundError(FluxReceive.java:466)
		at reactor.netty.channel.ChannelOperations.onInboundError(ChannelOperations.java:526)
		at reactor.netty.channel.ChannelOperationsHandler.exceptionCaught(ChannelOperationsHandler.java:153)
		at io.netty.channel.AbstractChannelHandlerContext.invokeExceptionCaught(AbstractChannelHandlerContext.java:346)
		at io.netty.channel.AbstractChannelHandlerContext.invokeExceptionCaught(AbstractChannelHandlerContext.java:325)
		at io.netty.channel.AbstractChannelHandlerContext.fireExceptionCaught(AbstractChannelHandlerContext.java:317)
		at io.netty.channel.CombinedChannelDuplexHandler$DelegatingChannelHandlerContext.fireExceptionCaught(CombinedChannelDuplexHandler.java:424)
		at io.netty.channel.ChannelHandlerAdapter.exceptionCaught(ChannelHandlerAdapter.java:92)
		at io.netty.channel.CombinedChannelDuplexHandler$1.fireExceptionCaught(CombinedChannelDuplexHandler.java:145)
		at io.netty.channel.ChannelInboundHandlerAdapter.exceptionCaught(ChannelInboundHandlerAdapter.java:143)
		at io.netty.channel.CombinedChannelDuplexHandler.exceptionCaught(CombinedChannelDuplexHandler.java:231)
		at io.netty.channel.AbstractChannelHandlerContext.invokeExceptionCaught(AbstractChannelHandlerContext.java:346)
		at io.netty.channel.AbstractChannelHandlerContext.invokeExceptionCaught(AbstractChannelHandlerContext.java:325)
		at io.netty.channel.AbstractChannelHandlerContext.fireExceptionCaught(AbstractChannelHandlerContext.java:317)
		at io.netty.handler.ssl.SslHandler.exceptionCaught(SslHandler.java:1222)
		at io.netty.channel.AbstractChannelHandlerContext.invokeExceptionCaught(AbstractChannelHandlerContext.java:346)
		at io.netty.channel.AbstractChannelHandlerContext.invokeExceptionCaught(AbstractChannelHandlerContext.java:325)
		at io.netty.channel.AbstractChannelHandlerContext.fireExceptionCaught(AbstractChannelHandlerContext.java:317)
		at io.netty.channel.DefaultChannelPipeline$HeadContext.exceptionCaught(DefaultChannelPipeline.java:1324)
		at io.netty.channel.AbstractChannelHandlerContext.invokeExceptionCaught(AbstractChannelHandlerContext.java:346)
		at io.netty.channel.AbstractChannelHandlerContext.invokeExceptionCaught(AbstractChannelHandlerContext.java:325)
		at io.netty.channel.DefaultChannelPipeline.fireExceptionCaught(DefaultChannelPipeline.java:856)
		at io.netty.channel.nio.AbstractNioByteChannel$NioByteUnsafe.handleReadException(AbstractNioByteChannel.java:125)
		at io.netty.channel.nio.AbstractNioByteChannel$NioByteUnsafe.read(AbstractNioByteChannel.java:177)
		at io.netty.channel.nio.NioEventLoop.processSelectedKey(NioEventLoop.java:788)
		at io.netty.channel.nio.NioEventLoop.processSelectedKeysOptimized(NioEventLoop.java:724)
		at io.netty.channel.nio.NioEventLoop.processSelectedKeys(NioEventLoop.java:650)
		at io.netty.channel.nio.NioEventLoop.run(NioEventLoop.java:562)
		at io.netty.util.concurrent.SingleThreadEventExecutor$4.run(SingleThreadEventExecutor.java:997)
		at io.netty.util.internal.ThreadExecutorMap$2.run(ThreadExecutorMap.java:74)
		at io.netty.util.concurrent.FastThreadLocalRunnable.run(FastThreadLocalRunnable.java:30)
		at java.base/java.lang.Thread.run(Thread.java:842)
	Suppressed: java.lang.Exception: #block terminated with an error
		at reactor.core.publisher.BlockingSingleSubscriber.blockingGet(BlockingSingleSubscriber.java:146)
		at reactor.core.publisher.Mono.block(Mono.java:1807)
		at com.yizhaoqi.smartpai.client.EmbeddingClient.callApiOnce(EmbeddingClient.java:80)
		at com.yizhaoqi.smartpai.client.EmbeddingClient.embed(EmbeddingClient.java:55)
		at com.yizhaoqi.smartpai.service.HybridSearchService.embedToVectorList(HybridSearchService.java:376)
		at com.yizhaoqi.smartpai.service.HybridSearchService.searchWithPermission(HybridSearchService.java:76)
		at com.yizhaoqi.smartpai.service.ChatHandler.processMessage(ChatHandler.java:73)
		at com.yizhaoqi.smartpai.handler.ChatWebSocketHandler.handleTextMessage(ChatWebSocketHandler.java:73)
		at org.springframework.web.socket.handler.AbstractWebSocketHandler.handleMessage(AbstractWebSocketHandler.java:43)
		at org.springframework.web.socket.handler.WebSocketHandlerDecorator.handleMessage(WebSocketHandlerDecorator.java:75)
		at org.springframework.web.socket.handler.LoggingWebSocketHandlerDecorator.handleMessage(LoggingWebSocketHandlerDecorator.java:56)
		at org.springframework.web.socket.handler.ExceptionWebSocketHandlerDecorator.handleMessage(ExceptionWebSocketHandlerDecorator.java:58)
		at org.springframework.web.socket.adapter.standard.StandardWebSocketHandlerAdapter.handleTextMessage(StandardWebSocketHandlerAdapter.java:113)
		at org.springframework.web.socket.adapter.standard.StandardWebSocketHandlerAdapter$3.onMessage(StandardWebSocketHandlerAdapter.java:84)
		at org.springframework.web.socket.adapter.standard.StandardWebSocketHandlerAdapter$3.onMessage(StandardWebSocketHandlerAdapter.java:81)
		at org.apache.tomcat.websocket.WsFrameBase.sendMessageText(WsFrameBase.java:390)
		at org.apache.tomcat.websocket.server.WsFrameServer.sendMessageText(WsFrameServer.java:130)
		at org.apache.tomcat.websocket.WsFrameBase.processDataText(WsFrameBase.java:484)
		at org.apache.tomcat.websocket.WsFrameBase.processData(WsFrameBase.java:284)
		at org.apache.tomcat.websocket.WsFrameBase.processInputBuffer(WsFrameBase.java:130)
		at org.apache.tomcat.websocket.server.WsFrameServer.onDataAvailable(WsFrameServer.java:85)
		at org.apache.tomcat.websocket.server.WsFrameServer.doOnDataAvailable(WsFrameServer.java:184)
		at org.apache.tomcat.websocket.server.WsFrameServer.notifyDataAvailable(WsFrameServer.java:164)
		at org.apache.tomcat.websocket.server.WsHttpUpgradeHandler.upgradeDispatch(WsHttpUpgradeHandler.java:152)
		at org.apache.coyote.http11.upgrade.UpgradeProcessorInternal.dispatch(UpgradeProcessorInternal.java:60)
		at org.apache.coyote.AbstractProcessorLight.process(AbstractProcessorLight.java:57)
		at org.apache.coyote.AbstractProtocol$ConnectionHandler.process(AbstractProtocol.java:905)
		at org.apache.tomcat.util.net.NioEndpoint$SocketProcessor.doRun(NioEndpoint.java:1741)
		at org.apache.tomcat.util.net.SocketProcessorBase.run(SocketProcessorBase.java:52)
		at org.apache.tomcat.util.threads.ThreadPoolExecutor.runWorker(ThreadPoolExecutor.java:1190)
		at org.apache.tomcat.util.threads.ThreadPoolExecutor$Worker.run(ThreadPoolExecutor.java:659)
		at org.apache.tomcat.util.threads.TaskThread$WrappingRunnable.run(TaskThread.java:63)
		at java.base/java.lang.Thread.run(Thread.java:842)
Caused by: java.net.SocketException: Connection reset
	at java.base/sun.nio.ch.SocketChannelImpl.throwConnectionReset(SocketChannelImpl.java:394)
	Suppressed: reactor.core.publisher.FluxOnAssembly$OnAssemblyException: 
Assembly trace from producer [reactor.core.publisher.MonoCreate] :
	reactor.core.publisher.Mono.create(Mono.java:203)
	reactor.netty.http.client.HttpClientConnect$MonoHttpConnect.subscribe(HttpClientConnect.java:211)
Error has been observed at the following site(s):
	*___________Mono.create ⇢ at reactor.netty.http.client.HttpClientConnect$MonoHttpConnect.subscribe(HttpClientConnect.java:211)
	|_       Mono.retryWhen ⇢ at reactor.netty.http.client.HttpClientConnect$MonoHttpConnect.subscribe(HttpClientConnect.java:282)
	*________Flux.concatMap ⇢ at reactor.util.retry.RetrySpec.lambda$generateCompanion$6(RetrySpec.java:360)
	|_     Flux.onErrorStop ⇢ at reactor.util.retry.RetrySpec.lambda$generateCompanion$6(RetrySpec.java:379)
	*__Flux.deferContextual ⇢ at reactor.util.retry.RetrySpec.generateCompanion(RetrySpec.java:357)
	*______Mono.flatMapMany ⇢ at reactor.netty.http.client.HttpClientFinalizer.responseConnection(HttpClientFinalizer.java:102)
	|_            Flux.next ⇢ at org.springframework.http.client.reactive.ReactorClientHttpConnector.connect(ReactorClientHttpConnector.java:174)
	|_      Mono.doOnCancel ⇢ at org.springframework.http.client.reactive.ReactorClientHttpConnector.connect(ReactorClientHttpConnector.java:175)
	|_     Mono.doOnRequest ⇢ at org.springframework.web.reactive.function.client.ExchangeFunctions$DefaultExchangeFunction.exchange(ExchangeFunctions.java:104)
	|_      Mono.doOnCancel ⇢ at org.springframework.web.reactive.function.client.ExchangeFunctions$DefaultExchangeFunction.exchange(ExchangeFunctions.java:105)
Original Stack Trace:
		at java.base/sun.nio.ch.SocketChannelImpl.throwConnectionReset(SocketChannelImpl.java:394)
		at java.base/sun.nio.ch.SocketChannelImpl.read(SocketChannelImpl.java:426)
		at io.netty.buffer.PooledByteBuf.setBytes(PooledByteBuf.java:255)
		at io.netty.buffer.AbstractByteBuf.writeBytes(AbstractByteBuf.java:1132)
		at io.netty.channel.socket.nio.NioSocketChannel.doReadBytes(NioSocketChannel.java:356)
		at io.netty.channel.nio.AbstractNioByteChannel$NioByteUnsafe.read(AbstractNioByteChannel.java:151)
		at io.netty.channel.nio.NioEventLoop.processSelectedKey(NioEventLoop.java:788)
		at io.netty.channel.nio.NioEventLoop.processSelectedKeysOptimized(NioEventLoop.java:724)
		at io.netty.channel.nio.NioEventLoop.processSelectedKeys(NioEventLoop.java:650)
		at io.netty.channel.nio.NioEventLoop.run(NioEventLoop.java:562)
		at io.netty.util.concurrent.SingleThreadEventExecutor$4.run(SingleThreadEventExecutor.java:997)
		at io.netty.util.internal.ThreadExecutorMap$2.run(ThreadExecutorMap.java:74)
		at io.netty.util.concurrent.FastThreadLocalRunnable.run(FastThreadLocalRunnable.java:30)
		at java.base/java.lang.Thread.run(Thread.java:842)
2026-01-05 19:39:49.170 [http-nio-8081-exec-3] ERROR com.yizhaoqi.smartpai.service.HybridSearchService - 生成向量失败
java.lang.RuntimeException: 向量生成失败
	at com.yizhaoqi.smartpai.client.EmbeddingClient.embed(EmbeddingClient.java:62)
	at com.yizhaoqi.smartpai.service.HybridSearchService.embedToVectorList(HybridSearchService.java:376)
	at com.yizhaoqi.smartpai.service.HybridSearchService.searchWithPermission(HybridSearchService.java:76)
	at com.yizhaoqi.smartpai.service.ChatHandler.processMessage(ChatHandler.java:73)
	at com.yizhaoqi.smartpai.handler.ChatWebSocketHandler.handleTextMessage(ChatWebSocketHandler.java:73)
	at org.springframework.web.socket.handler.AbstractWebSocketHandler.handleMessage(AbstractWebSocketHandler.java:43)
	at org.springframework.web.socket.handler.WebSocketHandlerDecorator.handleMessage(WebSocketHandlerDecorator.java:75)
	at org.springframework.web.socket.handler.LoggingWebSocketHandlerDecorator.handleMessage(LoggingWebSocketHandlerDecorator.java:56)
	at org.springframework.web.socket.handler.ExceptionWebSocketHandlerDecorator.handleMessage(ExceptionWebSocketHandlerDecorator.java:58)
	at org.springframework.web.socket.adapter.standard.StandardWebSocketHandlerAdapter.handleTextMessage(StandardWebSocketHandlerAdapter.java:113)
	at org.springframework.web.socket.adapter.standard.StandardWebSocketHandlerAdapter$3.onMessage(StandardWebSocketHandlerAdapter.java:84)
	at org.springframework.web.socket.adapter.standard.StandardWebSocketHandlerAdapter$3.onMessage(StandardWebSocketHandlerAdapter.java:81)
	at org.apache.tomcat.websocket.WsFrameBase.sendMessageText(WsFrameBase.java:390)
	at org.apache.tomcat.websocket.server.WsFrameServer.sendMessageText(WsFrameServer.java:130)
	at org.apache.tomcat.websocket.WsFrameBase.processDataText(WsFrameBase.java:484)
	at org.apache.tomcat.websocket.WsFrameBase.processData(WsFrameBase.java:284)
	at org.apache.tomcat.websocket.WsFrameBase.processInputBuffer(WsFrameBase.java:130)
	at org.apache.tomcat.websocket.server.WsFrameServer.onDataAvailable(WsFrameServer.java:85)
	at org.apache.tomcat.websocket.server.WsFrameServer.doOnDataAvailable(WsFrameServer.java:184)
	at org.apache.tomcat.websocket.server.WsFrameServer.notifyDataAvailable(WsFrameServer.java:164)
	at org.apache.tomcat.websocket.server.WsHttpUpgradeHandler.upgradeDispatch(WsHttpUpgradeHandler.java:152)
	at org.apache.coyote.http11.upgrade.UpgradeProcessorInternal.dispatch(UpgradeProcessorInternal.java:60)
	at org.apache.coyote.AbstractProcessorLight.process(AbstractProcessorLight.java:57)
	at org.apache.coyote.AbstractProtocol$ConnectionHandler.process(AbstractProtocol.java:905)
	at org.apache.tomcat.util.net.NioEndpoint$SocketProcessor.doRun(NioEndpoint.java:1741)
	at org.apache.tomcat.util.net.SocketProcessorBase.run(SocketProcessorBase.java:52)
	at org.apache.tomcat.util.threads.ThreadPoolExecutor.runWorker(ThreadPoolExecutor.java:1190)
	at org.apache.tomcat.util.threads.ThreadPoolExecutor$Worker.run(ThreadPoolExecutor.java:659)
	at org.apache.tomcat.util.threads.TaskThread$WrappingRunnable.run(TaskThread.java:63)
	at java.base/java.lang.Thread.run(Thread.java:842)
Caused by: org.springframework.web.reactive.function.client.WebClientRequestException: Connection reset
	at org.springframework.web.reactive.function.client.ExchangeFunctions$DefaultExchangeFunction.lambda$wrapException$9(ExchangeFunctions.java:137)
	Suppressed: reactor.core.publisher.FluxOnAssembly$OnAssemblyException: 
Assembly trace from producer [reactor.core.publisher.MonoErrorSupplied] :
	reactor.core.publisher.Mono.error(Mono.java:315)
	org.springframework.web.reactive.function.client.ExchangeFunctions$DefaultExchangeFunction.wrapException(ExchangeFunctions.java:137)
Error has been observed at the following site(s):
	*____________Mono.error ⇢ at org.springframework.web.reactive.function.client.ExchangeFunctions$DefaultExchangeFunction.wrapException(ExchangeFunctions.java:137)
	*____Mono.onErrorResume ⇢ at org.springframework.web.reactive.function.client.ExchangeFunctions$DefaultExchangeFunction.exchange(ExchangeFunctions.java:106)
	|_             Mono.map ⇢ at org.springframework.web.reactive.function.client.ExchangeFunctions$DefaultExchangeFunction.exchange(ExchangeFunctions.java:107)
	|_        Mono.doOnNext ⇢ at org.springframework.web.reactive.function.client.DefaultWebClient$ObservationFilterFunction.filter(DefaultWebClient.java:745)
	*____________Mono.defer ⇢ at org.springframework.web.reactive.function.client.DefaultWebClient$DefaultRequestBodyUriSpec.lambda$exchange$12(DefaultWebClient.java:467)
	|_           checkpoint ⇢ Request to POST https://dashscope.aliyuncs.com/compatible-mode/v1/embeddings [DefaultWebClient]
	|_   Mono.switchIfEmpty ⇢ at org.springframework.web.reactive.function.client.DefaultWebClient$DefaultRequestBodyUriSpec.lambda$exchange$12(DefaultWebClient.java:472)
	|_        Mono.doOnNext ⇢ at org.springframework.web.reactive.function.client.DefaultWebClient$DefaultRequestBodyUriSpec.lambda$exchange$12(DefaultWebClient.java:478)
	|_       Mono.doOnError ⇢ at org.springframework.web.reactive.function.client.DefaultWebClient$DefaultRequestBodyUriSpec.lambda$exchange$12(DefaultWebClient.java:479)
	|_       Mono.doFinally ⇢ at org.springframework.web.reactive.function.client.DefaultWebClient$DefaultRequestBodyUriSpec.lambda$exchange$12(DefaultWebClient.java:480)
	|_    Mono.contextWrite ⇢ at org.springframework.web.reactive.function.client.DefaultWebClient$DefaultRequestBodyUriSpec.lambda$exchange$12(DefaultWebClient.java:486)
	*__Mono.deferContextual ⇢ at org.springframework.web.reactive.function.client.DefaultWebClient$DefaultRequestBodyUriSpec.exchange(DefaultWebClient.java:453)
	|_         Mono.flatMap ⇢ at org.springframework.web.reactive.function.client.DefaultWebClient$DefaultResponseSpec.bodyToMono(DefaultWebClient.java:580)
	|_       Mono.retryWhen ⇢ at com.yizhaoqi.smartpai.client.EmbeddingClient.callApiOnce(EmbeddingClient.java:78)
	*________Flux.concatMap ⇢ at reactor.util.retry.RetryBackoffSpec.lambda$generateCompanion$5(RetryBackoffSpec.java:593)
	|_     Flux.onErrorStop ⇢ at reactor.util.retry.RetryBackoffSpec.lambda$generateCompanion$5(RetryBackoffSpec.java:656)
	*__Flux.deferContextual ⇢ at reactor.util.retry.RetryBackoffSpec.generateCompanion(RetryBackoffSpec.java:591)
Original Stack Trace:
		at org.springframework.web.reactive.function.client.ExchangeFunctions$DefaultExchangeFunction.lambda$wrapException$9(ExchangeFunctions.java:137)
		at reactor.core.publisher.MonoErrorSupplied.subscribe(MonoErrorSupplied.java:55)
		at reactor.core.publisher.Mono.subscribe(Mono.java:4576)
		at reactor.core.publisher.FluxOnErrorResume$ResumeSubscriber.onError(FluxOnErrorResume.java:103)
		at reactor.core.publisher.FluxPeekFuseable$PeekFuseableSubscriber.onError(FluxPeekFuseable.java:234)
		at reactor.core.publisher.FluxPeekFuseable$PeekFuseableSubscriber.onError(FluxPeekFuseable.java:234)
		at reactor.core.publisher.FluxPeekFuseable$PeekFuseableSubscriber.onError(FluxPeekFuseable.java:234)
		at reactor.core.publisher.MonoNext$NextSubscriber.onError(MonoNext.java:93)
		at reactor.core.publisher.MonoFlatMapMany$FlatMapManyMain.onError(MonoFlatMapMany.java:205)
		at reactor.core.publisher.SerializedSubscriber.onError(SerializedSubscriber.java:124)
		at reactor.core.publisher.FluxRetryWhen$RetryWhenMainSubscriber.whenError(FluxRetryWhen.java:229)
		at reactor.core.publisher.FluxRetryWhen$RetryWhenOtherSubscriber.onError(FluxRetryWhen.java:279)
		at reactor.core.publisher.FluxContextWrite$ContextWriteSubscriber.onError(FluxContextWrite.java:121)
		at reactor.core.publisher.FluxConcatMapNoPrefetch$FluxConcatMapNoPrefetchSubscriber.maybeOnError(FluxConcatMapNoPrefetch.java:327)
		at reactor.core.publisher.FluxConcatMapNoPrefetch$FluxConcatMapNoPrefetchSubscriber.onNext(FluxConcatMapNoPrefetch.java:212)
		at reactor.core.publisher.FluxContextWrite$ContextWriteSubscriber.onNext(FluxContextWrite.java:107)
		at reactor.core.publisher.SinkManyEmitterProcessor.drain(SinkManyEmitterProcessor.java:476)
		at reactor.core.publisher.SinkManyEmitterProcessor$EmitterInner.drainParent(SinkManyEmitterProcessor.java:620)
		at reactor.core.publisher.FluxPublish$PubSubInner.request(FluxPublish.java:874)
		at reactor.core.publisher.FluxContextWrite$ContextWriteSubscriber.request(FluxContextWrite.java:136)
		at reactor.core.publisher.FluxConcatMapNoPrefetch$FluxConcatMapNoPrefetchSubscriber.request(FluxConcatMapNoPrefetch.java:337)
		at reactor.core.publisher.FluxContextWrite$ContextWriteSubscriber.request(FluxContextWrite.java:136)
		at reactor.core.publisher.Operators$DeferredSubscription.request(Operators.java:1743)
		at reactor.core.publisher.FluxRetryWhen$RetryWhenMainSubscriber.onError(FluxRetryWhen.java:196)
		at reactor.core.publisher.MonoCreate$DefaultMonoSink.error(MonoCreate.java:205)
		at reactor.netty.http.client.HttpClientConnect$HttpObserver.onUncaughtException(HttpClientConnect.java:410)
		at reactor.netty.ReactorNetty$CompositeConnectionObserver.onUncaughtException(ReactorNetty.java:709)
		at reactor.netty.resources.DefaultPooledConnectionProvider$DisposableAcquire.onUncaughtException(DefaultPooledConnectionProvider.java:225)
		at reactor.netty.resources.DefaultPooledConnectionProvider$PooledConnection.onUncaughtException(DefaultPooledConnectionProvider.java:478)
		at reactor.netty.channel.FluxReceive.drainReceiver(FluxReceive.java:245)
		at reactor.netty.channel.FluxReceive.onInboundError(FluxReceive.java:466)
		at reactor.netty.channel.ChannelOperations.onInboundError(ChannelOperations.java:526)
		at reactor.netty.channel.ChannelOperationsHandler.exceptionCaught(ChannelOperationsHandler.java:153)
		at io.netty.channel.AbstractChannelHandlerContext.invokeExceptionCaught(AbstractChannelHandlerContext.java:346)
		at io.netty.channel.AbstractChannelHandlerContext.invokeExceptionCaught(AbstractChannelHandlerContext.java:325)
		at io.netty.channel.AbstractChannelHandlerContext.fireExceptionCaught(AbstractChannelHandlerContext.java:317)
		at io.netty.channel.CombinedChannelDuplexHandler$DelegatingChannelHandlerContext.fireExceptionCaught(CombinedChannelDuplexHandler.java:424)
		at io.netty.channel.ChannelHandlerAdapter.exceptionCaught(ChannelHandlerAdapter.java:92)
		at io.netty.channel.CombinedChannelDuplexHandler$1.fireExceptionCaught(CombinedChannelDuplexHandler.java:145)
		at io.netty.channel.ChannelInboundHandlerAdapter.exceptionCaught(ChannelInboundHandlerAdapter.java:143)
		at io.netty.channel.CombinedChannelDuplexHandler.exceptionCaught(CombinedChannelDuplexHandler.java:231)
		at io.netty.channel.AbstractChannelHandlerContext.invokeExceptionCaught(AbstractChannelHandlerContext.java:346)
		at io.netty.channel.AbstractChannelHandlerContext.invokeExceptionCaught(AbstractChannelHandlerContext.java:325)
		at io.netty.channel.AbstractChannelHandlerContext.fireExceptionCaught(AbstractChannelHandlerContext.java:317)
		at io.netty.handler.ssl.SslHandler.exceptionCaught(SslHandler.java:1222)
		at io.netty.channel.AbstractChannelHandlerContext.invokeExceptionCaught(AbstractChannelHandlerContext.java:346)
		at io.netty.channel.AbstractChannelHandlerContext.invokeExceptionCaught(AbstractChannelHandlerContext.java:325)
		at io.netty.channel.AbstractChannelHandlerContext.fireExceptionCaught(AbstractChannelHandlerContext.java:317)
		at io.netty.channel.DefaultChannelPipeline$HeadContext.exceptionCaught(DefaultChannelPipeline.java:1324)
		at io.netty.channel.AbstractChannelHandlerContext.invokeExceptionCaught(AbstractChannelHandlerContext.java:346)
		at io.netty.channel.AbstractChannelHandlerContext.invokeExceptionCaught(AbstractChannelHandlerContext.java:325)
		at io.netty.channel.DefaultChannelPipeline.fireExceptionCaught(DefaultChannelPipeline.java:856)
		at io.netty.channel.nio.AbstractNioByteChannel$NioByteUnsafe.handleReadException(AbstractNioByteChannel.java:125)
		at io.netty.channel.nio.AbstractNioByteChannel$NioByteUnsafe.read(AbstractNioByteChannel.java:177)
		at io.netty.channel.nio.NioEventLoop.processSelectedKey(NioEventLoop.java:788)
		at io.netty.channel.nio.NioEventLoop.processSelectedKeysOptimized(NioEventLoop.java:724)
		at io.netty.channel.nio.NioEventLoop.processSelectedKeys(NioEventLoop.java:650)
		at io.netty.channel.nio.NioEventLoop.run(NioEventLoop.java:562)
		at io.netty.util.concurrent.SingleThreadEventExecutor$4.run(SingleThreadEventExecutor.java:997)
		at io.netty.util.internal.ThreadExecutorMap$2.run(ThreadExecutorMap.java:74)
		at io.netty.util.concurrent.FastThreadLocalRunnable.run(FastThreadLocalRunnable.java:30)
		at java.base/java.lang.Thread.run(Thread.java:842)
	Suppressed: java.lang.Exception: #block terminated with an error
		at reactor.core.publisher.BlockingSingleSubscriber.blockingGet(BlockingSingleSubscriber.java:146)
		at reactor.core.publisher.Mono.block(Mono.java:1807)
		at com.yizhaoqi.smartpai.client.EmbeddingClient.callApiOnce(EmbeddingClient.java:80)
		at com.yizhaoqi.smartpai.client.EmbeddingClient.embed(EmbeddingClient.java:55)
		at com.yizhaoqi.smartpai.service.HybridSearchService.embedToVectorList(HybridSearchService.java:376)
		at com.yizhaoqi.smartpai.service.HybridSearchService.searchWithPermission(HybridSearchService.java:76)
		at com.yizhaoqi.smartpai.service.ChatHandler.processMessage(ChatHandler.java:73)
		at com.yizhaoqi.smartpai.handler.ChatWebSocketHandler.handleTextMessage(ChatWebSocketHandler.java:73)
		at org.springframework.web.socket.handler.AbstractWebSocketHandler.handleMessage(AbstractWebSocketHandler.java:43)
		at org.springframework.web.socket.handler.WebSocketHandlerDecorator.handleMessage(WebSocketHandlerDecorator.java:75)
		at org.springframework.web.socket.handler.LoggingWebSocketHandlerDecorator.handleMessage(LoggingWebSocketHandlerDecorator.java:56)
		at org.springframework.web.socket.handler.ExceptionWebSocketHandlerDecorator.handleMessage(ExceptionWebSocketHandlerDecorator.java:58)
		at org.springframework.web.socket.adapter.standard.StandardWebSocketHandlerAdapter.handleTextMessage(StandardWebSocketHandlerAdapter.java:113)
		at org.springframework.web.socket.adapter.standard.StandardWebSocketHandlerAdapter$3.onMessage(StandardWebSocketHandlerAdapter.java:84)
		at org.springframework.web.socket.adapter.standard.StandardWebSocketHandlerAdapter$3.onMessage(StandardWebSocketHandlerAdapter.java:81)
		at org.apache.tomcat.websocket.WsFrameBase.sendMessageText(WsFrameBase.java:390)
		at org.apache.tomcat.websocket.server.WsFrameServer.sendMessageText(WsFrameServer.java:130)
		at org.apache.tomcat.websocket.WsFrameBase.processDataText(WsFrameBase.java:484)
		at org.apache.tomcat.websocket.WsFrameBase.processData(WsFrameBase.java:284)
		at org.apache.tomcat.websocket.WsFrameBase.processInputBuffer(WsFrameBase.java:130)
		at org.apache.tomcat.websocket.server.WsFrameServer.onDataAvailable(WsFrameServer.java:85)
		at org.apache.tomcat.websocket.server.WsFrameServer.doOnDataAvailable(WsFrameServer.java:184)
		at org.apache.tomcat.websocket.server.WsFrameServer.notifyDataAvailable(WsFrameServer.java:164)
		at org.apache.tomcat.websocket.server.WsHttpUpgradeHandler.upgradeDispatch(WsHttpUpgradeHandler.java:152)
		at org.apache.coyote.http11.upgrade.UpgradeProcessorInternal.dispatch(UpgradeProcessorInternal.java:60)
		at org.apache.coyote.AbstractProcessorLight.process(AbstractProcessorLight.java:57)
		at org.apache.coyote.AbstractProtocol$ConnectionHandler.process(AbstractProtocol.java:905)
		at org.apache.tomcat.util.net.NioEndpoint$SocketProcessor.doRun(NioEndpoint.java:1741)
		at org.apache.tomcat.util.net.SocketProcessorBase.run(SocketProcessorBase.java:52)
		at org.apache.tomcat.util.threads.ThreadPoolExecutor.runWorker(ThreadPoolExecutor.java:1190)
		at org.apache.tomcat.util.threads.ThreadPoolExecutor$Worker.run(ThreadPoolExecutor.java:659)
		at org.apache.tomcat.util.threads.TaskThread$WrappingRunnable.run(TaskThread.java:63)
		at java.base/java.lang.Thread.run(Thread.java:842)
Caused by: java.net.SocketException: Connection reset
	at java.base/sun.nio.ch.SocketChannelImpl.throwConnectionReset(SocketChannelImpl.java:394)
	Suppressed: reactor.core.publisher.FluxOnAssembly$OnAssemblyException: 
Assembly trace from producer [reactor.core.publisher.MonoCreate] :
	reactor.core.publisher.Mono.create(Mono.java:203)
	reactor.netty.http.client.HttpClientConnect$MonoHttpConnect.subscribe(HttpClientConnect.java:211)
Error has been observed at the following site(s):
	*___________Mono.create ⇢ at reactor.netty.http.client.HttpClientConnect$MonoHttpConnect.subscribe(HttpClientConnect.java:211)
	|_       Mono.retryWhen ⇢ at reactor.netty.http.client.HttpClientConnect$MonoHttpConnect.subscribe(HttpClientConnect.java:282)
	*________Flux.concatMap ⇢ at reactor.util.retry.RetrySpec.lambda$generateCompanion$6(RetrySpec.java:360)
	|_     Flux.onErrorStop ⇢ at reactor.util.retry.RetrySpec.lambda$generateCompanion$6(RetrySpec.java:379)
	*__Flux.deferContextual ⇢ at reactor.util.retry.RetrySpec.generateCompanion(RetrySpec.java:357)
	*______Mono.flatMapMany ⇢ at reactor.netty.http.client.HttpClientFinalizer.responseConnection(HttpClientFinalizer.java:102)
	|_            Flux.next ⇢ at org.springframework.http.client.reactive.ReactorClientHttpConnector.connect(ReactorClientHttpConnector.java:174)
	|_      Mono.doOnCancel ⇢ at org.springframework.http.client.reactive.ReactorClientHttpConnector.connect(ReactorClientHttpConnector.java:175)
	|_     Mono.doOnRequest ⇢ at org.springframework.web.reactive.function.client.ExchangeFunctions$DefaultExchangeFunction.exchange(ExchangeFunctions.java:104)
	|_      Mono.doOnCancel ⇢ at org.springframework.web.reactive.function.client.ExchangeFunctions$DefaultExchangeFunction.exchange(ExchangeFunctions.java:105)
Original Stack Trace:
		at java.base/sun.nio.ch.SocketChannelImpl.throwConnectionReset(SocketChannelImpl.java:394)
		at java.base/sun.nio.ch.SocketChannelImpl.read(SocketChannelImpl.java:426)
		at io.netty.buffer.PooledByteBuf.setBytes(PooledByteBuf.java:255)
		at io.netty.buffer.AbstractByteBuf.writeBytes(AbstractByteBuf.java:1132)
		at io.netty.channel.socket.nio.NioSocketChannel.doReadBytes(NioSocketChannel.java:356)
		at io.netty.channel.nio.AbstractNioByteChannel$NioByteUnsafe.read(AbstractNioByteChannel.java:151)
		at io.netty.channel.nio.NioEventLoop.processSelectedKey(NioEventLoop.java:788)
		at io.netty.channel.nio.NioEventLoop.processSelectedKeysOptimized(NioEventLoop.java:724)
		at io.netty.channel.nio.NioEventLoop.processSelectedKeys(NioEventLoop.java:650)
		at io.netty.channel.nio.NioEventLoop.run(NioEventLoop.java:562)
		at io.netty.util.concurrent.SingleThreadEventExecutor$4.run(SingleThreadEventExecutor.java:997)
		at io.netty.util.internal.ThreadExecutorMap$2.run(ThreadExecutorMap.java:74)
		at io.netty.util.concurrent.FastThreadLocalRunnable.run(FastThreadLocalRunnable.java:30)
		at java.base/java.lang.Thread.run(Thread.java:842)
