2026-01-07 08:37:43.458 [http-nio-8081-exec-1] INFO  com.yizhaoqi.minercap.performance - [性能] [USER_LOGIN] 耗时:377ms 登录成功
2026-01-07 08:37:43.981 [http-nio-8081-exec-3] INFO  com.yizhaoqi.minercap.performance - [性能] [GET_USER_INFO] 耗时:6ms 获取用户信息成功
2026-01-07 08:37:44.366 [http-nio-8081-exec-4] INFO  com.yizhaoqi.minercap.performance - [性能] [GET_USER_INFO] 耗时:9ms 获取用户信息成功
2026-01-07 08:37:44.579 [http-nio-8081-exec-5] INFO  com.yizhaoqi.minercap.performance - [性能] [GET_CONVERSATIONS] 耗时:59ms 获取对话历史成功
2026-01-07 08:55:36.991 [http-nio-8081-exec-7] INFO  com.yizhaoqi.minercap.performance - [性能] [USER_LOGOUT] 耗时:105ms 登出成功
2026-01-07 08:56:08.384 [http-nio-8081-exec-2] INFO  com.yizhaoqi.minercap.performance - [性能] [USER_LOGIN] 耗时:835ms 登录成功
2026-01-07 08:59:32.724 [http-nio-8081-exec-3] INFO  com.yizhaoqi.minercap.performance - [性能] [GET_USER_INFO] 耗时:204274ms 获取用户信息成功
2026-01-07 09:00:07.166 [http-nio-8081-exec-3] INFO  com.yizhaoqi.minercap.performance - [性能] [SLOW_REQUEST] 耗时:238711ms [GET] /api/v1/users/me [用户:1]
2026-01-07 09:00:41.882 [http-nio-8081-exec-6] INFO  com.yizhaoqi.minercap.performance - [性能] [GET_USER_INFO] 耗时:11145ms 获取用户信息成功
2026-01-07 09:00:41.925 [http-nio-8081-exec-6] INFO  com.yizhaoqi.minercap.performance - [性能] [SLOW_REQUEST] 耗时:11234ms [GET] /api/v1/users/me [用户:1]
2026-01-07 09:01:18.165 [http-nio-8081-exec-1] INFO  com.yizhaoqi.minercap.performance - [性能] [USER_LOGIN] 耗时:726ms 登录成功
2026-01-07 09:01:18.284 [http-nio-8081-exec-3] INFO  com.yizhaoqi.minercap.performance - [性能] [GET_USER_INFO] 耗时:6ms 获取用户信息成功
2026-01-07 09:01:18.349 [http-nio-8081-exec-8] INFO  com.yizhaoqi.minercap.performance - [性能] [GET_USER_INFO] 耗时:8ms 获取用户信息成功
2026-01-07 09:01:18.521 [http-nio-8081-exec-4] INFO  com.yizhaoqi.minercap.performance - [性能] [GET_CONVERSATIONS] 耗时:56ms 获取对话历史成功
2026-01-07 09:05:47.155 [http-nio-8081-exec-6] INFO  com.yizhaoqi.minercap.performance - [性能] [GET_USER_INFO] 耗时:8ms 获取用户信息成功
2026-01-07 09:07:43.316 [http-nio-8081-exec-10] INFO  com.yizhaoqi.minercap.performance - [性能] [GET_USER_INFO] 耗时:7ms 获取用户信息成功
2026-01-07 09:07:43.560 [http-nio-8081-exec-1] INFO  com.yizhaoqi.minercap.performance - [性能] [GET_CONVERSATIONS] 耗时:15ms 获取对话历史成功
2026-01-07 09:07:47.957 [http-nio-8081-exec-3] INFO  com.yizhaoqi.minercap.performance - [性能] [GET_USER_INFO] 耗时:8ms 获取用户信息成功
2026-01-07 09:25:57.701 [http-nio-8081-exec-6] INFO  com.yizhaoqi.minercap.performance - [性能] [GET_USER_INFO] 耗时:6ms 获取用户信息成功
2026-01-07 09:25:58.586 [http-nio-8081-exec-9] INFO  com.yizhaoqi.minercap.performance - [性能] [GET_USER_ORG_TAGS] 耗时:41ms 获取组织标签成功
2026-01-07 09:26:08.609 [http-nio-8081-exec-7] INFO  com.yizhaoqi.minercap.performance - [性能] [USER_LOGOUT] 耗时:10ms 登出成功
2026-01-07 09:26:31.683 [http-nio-8081-exec-2] INFO  com.yizhaoqi.minercap.performance - [性能] [USER_REGISTER] 耗时:279ms 注册成功
2026-01-07 09:26:54.792 [http-nio-8081-exec-10] INFO  com.yizhaoqi.minercap.performance - [性能] [USER_LOGIN] 耗时:13ms 登录失败: 用户名错误
2026-01-07 09:27:15.243 [http-nio-8081-exec-1] INFO  com.yizhaoqi.minercap.performance - [性能] [USER_LOGIN] 耗时:120ms 登录成功
2026-01-07 09:27:15.399 [http-nio-8081-exec-3] INFO  com.yizhaoqi.minercap.performance - [性能] [GET_USER_INFO] 耗时:4ms 获取用户信息成功
2026-01-07 09:27:15.602 [http-nio-8081-exec-4] INFO  com.yizhaoqi.minercap.performance - [性能] [GET_USER_INFO] 耗时:9ms 获取用户信息成功
2026-01-07 09:27:15.794 [http-nio-8081-exec-8] INFO  com.yizhaoqi.minercap.performance - [性能] [GET_CONVERSATIONS] 耗时:10ms 获取对话历史成功（空结果）
2026-01-07 09:27:23.285 [http-nio-8081-exec-5] INFO  com.yizhaoqi.minercap.performance - [性能] [GET_USER_INFO] 耗时:5ms 获取用户信息成功
2026-01-07 09:27:24.058 [http-nio-8081-exec-6] INFO  com.yizhaoqi.minercap.performance - [性能] [GET_USER_UPLOADED_FILES] 耗时:9ms 获取用户上传文件成功
2026-01-07 09:27:25.389 [http-nio-8081-exec-9] INFO  com.yizhaoqi.minercap.performance - [性能] [GET_USER_INFO] 耗时:6ms 获取用户信息成功
2026-01-07 09:27:25.744 [http-nio-8081-exec-7] INFO  com.yizhaoqi.minercap.performance - [性能] [GET_USER_ORG_TAGS] 耗时:35ms 获取组织标签成功
2026-01-07 09:27:28.245 [http-nio-8081-exec-2] INFO  com.yizhaoqi.minercap.performance - [性能] [GET_USER_INFO] 耗时:8ms 获取用户信息成功
2026-01-07 09:27:28.585 [http-nio-8081-exec-10] INFO  com.yizhaoqi.minercap.performance - [性能] [GET_CONVERSATIONS] 耗时:11ms 获取对话历史成功（空结果）
2026-01-07 09:27:36.107 [http-nio-8081-exec-1] INFO  com.yizhaoqi.minercap.performance - [性能] [USER_LOGOUT] 耗时:9ms 登出成功
2026-01-07 09:27:40.178 [http-nio-8081-exec-3] INFO  com.yizhaoqi.minercap.performance - [性能] [USER_LOGIN] 耗时:108ms 登录成功
2026-01-07 09:27:40.344 [http-nio-8081-exec-4] INFO  com.yizhaoqi.minercap.performance - [性能] [GET_USER_INFO] 耗时:3ms 获取用户信息成功
2026-01-07 09:27:40.535 [http-nio-8081-exec-8] INFO  com.yizhaoqi.minercap.performance - [性能] [GET_USER_INFO] 耗时:6ms 获取用户信息成功
2026-01-07 09:27:40.696 [http-nio-8081-exec-5] INFO  com.yizhaoqi.minercap.performance - [性能] [GET_CONVERSATIONS] 耗时:12ms 获取对话历史成功
2026-01-07 09:28:07.661 [http-nio-8081-exec-6] INFO  com.yizhaoqi.minercap.performance - [性能] [GET_USER_INFO] 耗时:7ms 获取用户信息成功
2026-01-07 09:28:14.983 [http-nio-8081-exec-7] INFO  com.yizhaoqi.minercap.performance - [性能] [GET_USER_INFO] 耗时:6ms 获取用户信息成功
2026-01-07 09:28:20.840 [http-nio-8081-exec-3] INFO  com.yizhaoqi.minercap.performance - [性能] [GET_USER_INFO] 耗时:8ms 获取用户信息成功
2026-01-07 09:28:21.109 [http-nio-8081-exec-4] INFO  com.yizhaoqi.minercap.performance - [性能] [GET_CONVERSATIONS] 耗时:17ms 获取对话历史成功
2026-01-07 09:28:23.784 [http-nio-8081-exec-8] INFO  com.yizhaoqi.minercap.performance - [性能] [GET_USER_INFO] 耗时:9ms 获取用户信息成功
2026-01-07 09:34:09.483 [http-nio-8081-exec-9] INFO  com.yizhaoqi.minercap.performance - [性能] [GET_USER_INFO] 耗时:8ms 获取用户信息成功
2026-01-07 09:46:09.318 [http-nio-8081-exec-2] INFO  com.yizhaoqi.minercap.performance - [性能] [GET_USER_INFO] 耗时:6ms 获取用户信息成功
2026-01-07 10:15:50.543 [http-nio-8081-exec-5] INFO  com.yizhaoqi.minercap.performance - [性能] [GET_USER_INFO] 耗时:6ms 获取用户信息成功
2026-01-07 10:15:54.760 [http-nio-8081-exec-9] INFO  com.yizhaoqi.minercap.performance - [性能] [GET_USER_INFO] 耗时:8ms 获取用户信息成功
2026-01-07 10:15:55.602 [http-nio-8081-exec-2] INFO  com.yizhaoqi.minercap.performance - [性能] [GET_USER_INFO] 耗时:5ms 获取用户信息成功
2026-01-07 10:15:57.569 [http-nio-8081-exec-3] INFO  com.yizhaoqi.minercap.performance - [性能] [GET_USER_INFO] 耗时:6ms 获取用户信息成功
2026-01-07 10:16:02.073 [http-nio-8081-exec-9] INFO  com.yizhaoqi.minercap.performance - [性能] [GET_USER_INFO] 耗时:4ms 获取用户信息成功
2026-01-07 10:37:12.775 [http-nio-8081-exec-1] INFO  com.yizhaoqi.minercap.performance - [性能] [GET_USER_INFO] 耗时:5ms 获取用户信息成功
2026-01-07 10:38:53.129 [http-nio-8081-exec-3] INFO  com.yizhaoqi.minercap.performance - [性能] [GET_USER_INFO] 耗时:10ms 获取用户信息成功
2026-01-07 10:38:53.267 [http-nio-8081-exec-4] INFO  com.yizhaoqi.minercap.performance - [性能] [GET_USER_INFO] 耗时:7ms 获取用户信息成功
2026-01-07 10:39:01.447 [http-nio-8081-exec-8] INFO  com.yizhaoqi.minercap.performance - [性能] [GET_USER_INFO] 耗时:6ms 获取用户信息成功
2026-01-07 10:39:01.557 [http-nio-8081-exec-9] INFO  com.yizhaoqi.minercap.performance - [性能] [GET_USER_INFO] 耗时:8ms 获取用户信息成功
2026-01-07 10:40:52.868 [http-nio-8081-exec-4] INFO  com.yizhaoqi.minercap.performance - [性能] [SLOW_REQUEST] 耗时:67556ms [PUT] /api/v1/admin/users/2/org-tags [用户:1]
2026-01-07 10:41:09.514 [http-nio-8081-exec-1] INFO  com.yizhaoqi.minercap.performance - [性能] [GET_USER_INFO] 耗时:6ms 获取用户信息成功
2026-01-07 10:41:09.642 [http-nio-8081-exec-3] INFO  com.yizhaoqi.minercap.performance - [性能] [GET_USER_INFO] 耗时:10ms 获取用户信息成功
