2026-01-04 10:49:29.516 [main] INFO  com.yizhaoqi.minercap.MinerCapApplication - Starting SmartPaiApplication using Java 17.0.10 with PID 16320 (D:\PaiSmart\target\classes started by yushi in D:\PaiSmart)
2026-01-04 10:49:29.518 [main] INFO  com.yizhaoqi.minercap.MinerCapApplication - No active profile set, falling back to 1 default profile: "default"
2026-01-04 10:49:31.027 [main] INFO  o.s.boot.web.embedded.tomcat.TomcatWebServer - Tomcat initialized with port 8081 (http)
2026-01-04 10:49:31.039 [main] INFO  org.apache.coyote.http11.Http11NioProtocol - Initializing ProtocolHandler ["http-nio-8081"]
2026-01-04 10:49:31.041 [main] INFO  org.apache.catalina.core.StandardService - Starting service [Tomcat]
2026-01-04 10:49:31.042 [main] INFO  org.apache.catalina.core.StandardEngine - Starting Servlet engine: [Apache Tomcat/10.1.34]
2026-01-04 10:49:31.108 [main] INFO  o.a.c.core.ContainerBase.[Tomcat].[localhost].[/] - Initializing Spring embedded WebApplicationContext
2026-01-04 10:49:31.110 [main] INFO  o.s.b.w.s.c.ServletWebServerApplicationContext - Root WebApplicationContext: initialization completed in 1553 ms
2026-01-04 10:49:31.573 [main] INFO  com.zaxxer.hikari.HikariDataSource - HikariPool-1 - Starting...
2026-01-04 10:49:31.727 [main] INFO  com.zaxxer.hikari.pool.HikariPool - HikariPool-1 - Added connection com.mysql.cj.jdbc.ConnectionImpl@18dafd3b
2026-01-04 10:49:31.728 [main] INFO  com.zaxxer.hikari.HikariDataSource - HikariPool-1 - Start completed.
2026-01-04 10:49:31.812 [main] WARN  org.hibernate.orm.deprecation - HHH90000025: MySQL8Dialect does not need to be specified explicitly using 'hibernate.dialect' (remove the property setting and it will be selected by default)
2026-01-04 10:49:31.813 [main] WARN  org.hibernate.orm.deprecation - HHH90000026: MySQL8Dialect has been deprecated; use org.hibernate.dialect.MySQLDialect instead
2026-01-04 10:49:34.802 [main] WARN  o.s.b.a.o.j.JpaBaseConfiguration$JpaWebConfiguration - spring.jpa.open-in-view is enabled by default. Therefore, database queries may be performed during view rendering. Explicitly configure spring.jpa.open-in-view to disable this warning
2026-01-04 10:49:34.832 [main] INFO  o.s.s.c.a.a.c.InitializeUserDetailsBeanManagerConfigurer$InitializeUserDetailsManagerConfigurer - Global AuthenticationManager configured with UserDetailsService bean with name customUserDetailsService
2026-01-04 10:49:34.919 [main] DEBUG o.s.w.s.server.support.WebSocketHandlerMapping - Patterns [/chat/{token}] in 'webSocketHandlerMapping'
2026-01-04 10:49:34.995 [main] DEBUG o.s.w.s.m.m.a.RequestMappingHandlerMapping - 41 mappings in 'requestMappingHandlerMapping'
2026-01-04 10:49:35.033 [main] DEBUG o.s.web.servlet.handler.SimpleUrlHandlerMapping - Patterns [/webjars/**, /**, /static/**] in 'resourceHandlerMapping'
2026-01-04 10:49:35.074 [main] INFO  com.yizhaoqi.minercap.config.SecurityConfig - Security configuration loaded successfully.
2026-01-04 10:49:35.094 [main] DEBUG o.s.security.web.DefaultSecurityFilterChain - Will secure any request with filters: DisableEncodeUrlFilter, WebAsyncManagerIntegrationFilter, SecurityContextHolderFilter, HeaderWriterFilter, LogoutFilter, JwtAuthenticationFilter, OrgTagAuthorizationFilter, RequestCacheAwareFilter, SecurityContextHolderAwareRequestFilter, AnonymousAuthenticationFilter, SessionManagementFilter, ExceptionTranslationFilter, AuthorizationFilter
2026-01-04 10:49:35.169 [main] DEBUG o.s.w.s.m.m.a.RequestMappingHandlerAdapter - ControllerAdvice beans: 0 @ModelAttribute, 0 @InitBinder, 1 RequestBodyAdvice, 1 ResponseBodyAdvice
2026-01-04 10:49:35.211 [main] DEBUG o.s.w.s.m.m.a.ExceptionHandlerExceptionResolver - ControllerAdvice beans: 0 @ExceptionHandler, 1 ResponseBodyAdvice
2026-01-04 10:49:35.493 [main] INFO  org.apache.coyote.http11.Http11NioProtocol - Starting ProtocolHandler ["http-nio-8081"]
2026-01-04 10:49:35.504 [main] INFO  o.s.boot.web.embedded.tomcat.TomcatWebServer - Tomcat started on port 8081 (http) with context path '/'
2026-01-04 10:49:35.723 [main] INFO  com.yizhaoqi.minercap.MinerCapApplication - Started SmartPaiApplication in 6.836 seconds (process running for 7.572)
2026-01-04 10:49:35.726 [main] INFO  com.yizhaoqi.minercap.config.AdminUserInitializer - 检查管理员账号是否存在: admin
2026-01-04 10:49:35.855 [main] INFO  com.yizhaoqi.minercap.config.AdminUserInitializer - 管理员账号 'admin' 已存在，跳过创建步骤
2026-01-04 10:49:35.859 [main] INFO  com.yizhaoqi.minercap.config.OrgTagInitializer - 检查组织标签是否存在: default
2026-01-04 10:49:35.864 [main] INFO  com.yizhaoqi.minercap.config.OrgTagInitializer - 组织标签 'default' 已存在，跳过创建步骤
2026-01-04 10:49:35.866 [main] INFO  com.yizhaoqi.minercap.config.OrgTagInitializer - 检查组织标签是否存在: admin
2026-01-04 10:49:35.869 [main] INFO  com.yizhaoqi.minercap.config.OrgTagInitializer - 组织标签 'admin' 已存在，跳过创建步骤
2026-01-04 10:49:35.869 [main] INFO  com.yizhaoqi.minercap.config.OrgTagInitializer - 组织标签初始化完成
2026-01-04 10:49:36.014 [main] INFO  com.yizhaoqi.minercap.config.EsIndexInitializer - 索引 'knowledge_base' 已存在
2026-01-04 10:49:43.440 [http-nio-8081-exec-1] INFO  o.a.c.core.ContainerBase.[Tomcat].[localhost].[/] - Initializing Spring DispatcherServlet 'dispatcherServlet'
2026-01-04 10:49:43.440 [http-nio-8081-exec-1] INFO  org.springframework.web.servlet.DispatcherServlet - Initializing Servlet 'dispatcherServlet'
2026-01-04 10:49:43.440 [http-nio-8081-exec-1] DEBUG org.springframework.web.servlet.DispatcherServlet - Detected StandardServletMultipartResolver
2026-01-04 10:49:43.440 [http-nio-8081-exec-1] DEBUG org.springframework.web.servlet.DispatcherServlet - Detected AcceptHeaderLocaleResolver
2026-01-04 10:49:43.440 [http-nio-8081-exec-1] DEBUG org.springframework.web.servlet.DispatcherServlet - Detected FixedThemeResolver
2026-01-04 10:49:43.443 [http-nio-8081-exec-1] DEBUG org.springframework.web.servlet.DispatcherServlet - Detected org.springframework.web.servlet.view.DefaultRequestToViewNameTranslator@a9c51ea
2026-01-04 10:49:43.444 [http-nio-8081-exec-1] DEBUG org.springframework.web.servlet.DispatcherServlet - Detected org.springframework.web.servlet.support.SessionFlashMapManager@69e0e347
2026-01-04 10:49:43.444 [http-nio-8081-exec-1] DEBUG org.springframework.web.servlet.DispatcherServlet - enableLoggingRequestDetails='false': request parameters and headers will be masked to prevent unsafe logging of potentially sensitive data
2026-01-04 10:49:43.444 [http-nio-8081-exec-1] INFO  org.springframework.web.servlet.DispatcherServlet - Completed initialization in 4 ms
2026-01-04 10:49:43.477 [http-nio-8081-exec-1] DEBUG org.springframework.security.web.FilterChainProxy - Securing GET /api/v1/users/me
2026-01-04 10:49:44.381 [http-nio-8081-exec-1] DEBUG o.s.s.w.a.AnonymousAuthenticationFilter - Set SecurityContextHolder to anonymous SecurityContext
2026-01-04 10:49:44.386 [http-nio-8081-exec-1] DEBUG o.s.s.w.authentication.Http403ForbiddenEntryPoint - Pre-authenticated entry point called. Rejecting access
2026-01-04 10:49:44.405 [http-nio-8081-exec-1] DEBUG org.springframework.security.web.FilterChainProxy - Securing GET /error
2026-01-04 10:49:44.406 [http-nio-8081-exec-1] DEBUG o.s.s.w.a.AnonymousAuthenticationFilter - Set SecurityContextHolder to anonymous SecurityContext
2026-01-04 10:49:44.406 [http-nio-8081-exec-1] DEBUG o.s.s.w.authentication.Http403ForbiddenEntryPoint - Pre-authenticated entry point called. Rejecting access
2026-01-04 10:49:47.023 [http-nio-8081-exec-2] DEBUG org.springframework.security.web.FilterChainProxy - Securing POST /api/v1/users/login
2026-01-04 10:49:47.023 [http-nio-8081-exec-2] DEBUG o.s.s.w.a.AnonymousAuthenticationFilter - Set SecurityContextHolder to anonymous SecurityContext
2026-01-04 10:49:47.025 [http-nio-8081-exec-2] DEBUG org.springframework.security.web.FilterChainProxy - Secured POST /api/v1/users/login
2026-01-04 10:49:47.028 [http-nio-8081-exec-2] DEBUG org.springframework.web.servlet.DispatcherServlet - POST "/api/v1/users/login", parameters={}
2026-01-04 10:49:47.029 [http-nio-8081-exec-2] DEBUG o.s.w.s.m.m.a.RequestMappingHandlerMapping - Mapped to com.yizhaoqi.minercap.controller.UserController#login(UserRequest)
2026-01-04 10:49:47.126 [http-nio-8081-exec-2] DEBUG o.s.w.s.m.m.a.RequestResponseBodyMethodProcessor - Read "application/json;charset=UTF-8" to [UserRequest[username=admin, password=admin123]]
2026-01-04 10:49:47.309 [http-nio-8081-exec-2] DEBUG com.yizhaoqi.minercap.service.TokenCacheService - Token cached: 3cfb3b855c5642bfa1c7a450f43c0da1 for user: admin
2026-01-04 10:49:47.309 [http-nio-8081-exec-2] INFO  com.yizhaoqi.minercap.utils.JwtUtils - Token generated and cached for user: admin, tokenId: 3cfb3b855c5642bfa1c7a450f43c0da1
2026-01-04 10:49:47.317 [http-nio-8081-exec-2] DEBUG com.yizhaoqi.minercap.service.TokenCacheService - Refresh token cached: 3e75c5e61bf74f79be9ecf7de53bf83a for user: 1
2026-01-04 10:49:47.318 [http-nio-8081-exec-2] INFO  com.yizhaoqi.minercap.utils.JwtUtils - Refresh token generated and cached for user: admin, refreshTokenId: 3e75c5e61bf74f79be9ecf7de53bf83a
2026-01-04 10:49:47.328 [http-nio-8081-exec-2] DEBUG o.s.w.s.m.m.annotation.HttpEntityMethodProcessor - Using 'application/json', given [application/json, text/plain, */*] and supported [application/json, application/*+json]
2026-01-04 10:49:47.329 [http-nio-8081-exec-2] DEBUG o.s.w.s.m.m.annotation.HttpEntityMethodProcessor - Writing [{data={token=eyJhbGciOiJIUzI1NiJ9.eyJwcmltYXJ5T3JnIjoiZGVmYXVsdCIsIm9yZ1RhZ3MiOiJkZWZhdWx0LGFkbWluIi (truncated)...]
2026-01-04 10:49:47.343 [http-nio-8081-exec-2] DEBUG org.springframework.web.servlet.DispatcherServlet - Completed 200 OK
2026-01-04 10:49:47.353 [http-nio-8081-exec-9] DEBUG org.springframework.security.web.FilterChainProxy - Securing GET /api/v1/users/me
2026-01-04 10:49:47.372 [http-nio-8081-exec-9] DEBUG org.springframework.security.web.FilterChainProxy - Secured GET /api/v1/users/me
2026-01-04 10:49:47.374 [http-nio-8081-exec-9] DEBUG org.springframework.web.servlet.DispatcherServlet - GET "/api/v1/users/me", parameters={}
2026-01-04 10:49:47.375 [http-nio-8081-exec-9] DEBUG o.s.w.s.m.m.a.RequestMappingHandlerMapping - Mapped to com.yizhaoqi.minercap.controller.UserController#getCurrentUser(String)
2026-01-04 10:49:47.394 [http-nio-8081-exec-9] DEBUG o.s.w.s.m.m.annotation.HttpEntityMethodProcessor - Using 'application/json', given [application/json, text/plain, */*] and supported [application/json, application/*+json]
2026-01-04 10:49:47.395 [http-nio-8081-exec-9] DEBUG o.s.w.s.m.m.annotation.HttpEntityMethodProcessor - Writing [{data={id=1, username=admin, role=ADMIN, orgTags=[default, admin], primaryOrg=default, createdAt=202 (truncated)...]
2026-01-04 10:49:47.404 [http-nio-8081-exec-9] DEBUG org.springframework.web.servlet.DispatcherServlet - Completed 200 OK
2026-01-04 10:49:47.421 [http-nio-8081-exec-4] DEBUG org.springframework.security.web.FilterChainProxy - Securing GET /api/v1/users/me
2026-01-04 10:49:47.516 [http-nio-8081-exec-5] DEBUG org.springframework.security.web.FilterChainProxy - Securing GET /api/v1/users/conversation?start_date=2025-12-28&end_date=2026-01-05
2026-01-04 10:49:47.805 [http-nio-8081-exec-6] DEBUG org.springframework.security.web.FilterChainProxy - Securing GET /chat/eyJhbGciOiJIUzI1NiJ9.eyJwcmltYXJ5T3JnIjoiZGVmYXVsdCIsIm9yZ1RhZ3MiOiJkZWZhdWx0LGFkbWluIiwicm9sZSI6IkFETUlOIiwidG9rZW5JZCI6IjNjZmIzYjg1NWM1NjQyYmZhMWM3YTQ1MGY0M2MwZGExIiwidXNlcklkIjoiMSIsInN1YiI6ImFkbWluIiwiZXhwIjoxNzY3NDk4NTg3fQ.XRifXKyFPoSaf5wGueSqdVeoZp2-s8FNijietq6yvV0
2026-01-04 10:49:47.805 [http-nio-8081-exec-6] DEBUG o.s.s.w.a.AnonymousAuthenticationFilter - Set SecurityContextHolder to anonymous SecurityContext
2026-01-04 10:49:47.806 [http-nio-8081-exec-6] DEBUG org.springframework.security.web.FilterChainProxy - Secured GET /chat/eyJhbGciOiJIUzI1NiJ9.eyJwcmltYXJ5T3JnIjoiZGVmYXVsdCIsIm9yZ1RhZ3MiOiJkZWZhdWx0LGFkbWluIiwicm9sZSI6IkFETUlOIiwidG9rZW5JZCI6IjNjZmIzYjg1NWM1NjQyYmZhMWM3YTQ1MGY0M2MwZGExIiwidXNlcklkIjoiMSIsInN1YiI6ImFkbWluIiwiZXhwIjoxNzY3NDk4NTg3fQ.XRifXKyFPoSaf5wGueSqdVeoZp2-s8FNijietq6yvV0
2026-01-04 10:49:47.806 [http-nio-8081-exec-6] DEBUG org.springframework.web.servlet.DispatcherServlet - GET "/chat/eyJhbGciOiJIUzI1NiJ9.eyJwcmltYXJ5T3JnIjoiZGVmYXVsdCIsIm9yZ1RhZ3MiOiJkZWZhdWx0LGFkbWluIiwicm9sZSI6IkFETUlOIiwidG9rZW5JZCI6IjNjZmIzYjg1NWM1NjQyYmZhMWM3YTQ1MGY0M2MwZGExIiwidXNlcklkIjoiMSIsInN1YiI6ImFkbWluIiwiZXhwIjoxNzY3NDk4NTg3fQ.XRifXKyFPoSaf5wGueSqdVeoZp2-s8FNijietq6yvV0", parameters={}
2026-01-04 10:49:47.807 [http-nio-8081-exec-6] DEBUG o.s.w.s.server.support.WebSocketHandlerMapping - Mapped to org.springframework.web.socket.server.support.WebSocketHttpRequestHandler@79b417ed
2026-01-04 10:49:47.809 [http-nio-8081-exec-6] DEBUG o.s.w.s.server.support.WebSocketHttpRequestHandler - GET /chat/eyJhbGciOiJIUzI1NiJ9.eyJwcmltYXJ5T3JnIjoiZGVmYXVsdCIsIm9yZ1RhZ3MiOiJkZWZhdWx0LGFkbWluIiwicm9sZSI6IkFETUlOIiwidG9rZW5JZCI6IjNjZmIzYjg1NWM1NjQyYmZhMWM3YTQ1MGY0M2MwZGExIiwidXNlcklkIjoiMSIsInN1YiI6ImFkbWluIiwiZXhwIjoxNzY3NDk4NTg3fQ.XRifXKyFPoSaf5wGueSqdVeoZp2-s8FNijietq6yvV0
2026-01-04 10:49:47.852 [http-nio-8081-exec-6] DEBUG org.springframework.web.servlet.DispatcherServlet - Completed 101 SWITCHING_PROTOCOLS
2026-01-04 10:49:47.871 [http-nio-8081-exec-6] DEBUG o.s.w.s.handler.LoggingWebSocketHandlerDecorator - New StandardWebSocketSession[id=3c2192f3-f6dd-6020-c75b-78ad449ae92c, uri=ws://localhost:8081/chat/eyJhbGciOiJIUzI1NiJ9.eyJwcmltYXJ5T3JnIjoiZGVmYXVsdCIsIm9yZ1RhZ3MiOiJkZWZhdWx0LGFkbWluIiwicm9sZSI6IkFETUlOIiwidG9rZW5JZCI6IjNjZmIzYjg1NWM1NjQyYmZhMWM3YTQ1MGY0M2MwZGExIiwidXNlcklkIjoiMSIsInN1YiI6ImFkbWluIiwiZXhwIjoxNzY3NDk4NTg3fQ.XRifXKyFPoSaf5wGueSqdVeoZp2-s8FNijietq6yvV0]
2026-01-04 10:49:47.872 [http-nio-8081-exec-6] INFO  c.yizhaoqi.smartpai.handler.ChatWebSocketHandler - WebSocket连接已建立，用户ID: admin，会话ID: 3c2192f3-f6dd-6020-c75b-78ad449ae92c，URI路径: /chat/eyJhbGciOiJIUzI1NiJ9.eyJwcmltYXJ5T3JnIjoiZGVmYXVsdCIsIm9yZ1RhZ3MiOiJkZWZhdWx0LGFkbWluIiwicm9sZSI6IkFETUlOIiwidG9rZW5JZCI6IjNjZmIzYjg1NWM1NjQyYmZhMWM3YTQ1MGY0M2MwZGExIiwidXNlcklkIjoiMSIsInN1YiI6ImFkbWluIiwiZXhwIjoxNzY3NDk4NTg3fQ.XRifXKyFPoSaf5wGueSqdVeoZp2-s8FNijietq6yvV0
2026-01-04 10:49:47.903 [http-nio-8081-exec-5] DEBUG org.springframework.security.web.FilterChainProxy - Secured GET /api/v1/users/conversation?start_date=2025-12-28&end_date=2026-01-05
2026-01-04 10:49:47.904 [http-nio-8081-exec-4] DEBUG org.springframework.security.web.FilterChainProxy - Secured GET /api/v1/users/me
2026-01-04 10:49:47.904 [http-nio-8081-exec-5] DEBUG org.springframework.web.servlet.DispatcherServlet - GET "/api/v1/users/conversation?start_date=2025-12-28&end_date=2026-01-05", parameters={masked}
2026-01-04 10:49:47.904 [http-nio-8081-exec-4] DEBUG org.springframework.web.servlet.DispatcherServlet - GET "/api/v1/users/me", parameters={}
2026-01-04 10:49:47.904 [http-nio-8081-exec-4] DEBUG o.s.w.s.m.m.a.RequestMappingHandlerMapping - Mapped to com.yizhaoqi.minercap.controller.UserController#getCurrentUser(String)
2026-01-04 10:49:47.904 [http-nio-8081-exec-5] DEBUG o.s.w.s.m.m.a.RequestMappingHandlerMapping - Mapped to com.yizhaoqi.minercap.controller.ConversationController#getConversations(String, String, String)
2026-01-04 10:49:47.916 [http-nio-8081-exec-4] DEBUG o.s.w.s.m.m.annotation.HttpEntityMethodProcessor - Using 'application/json', given [application/json, text/plain, */*] and supported [application/json, application/*+json]
2026-01-04 10:49:47.916 [http-nio-8081-exec-4] DEBUG o.s.w.s.m.m.annotation.HttpEntityMethodProcessor - Writing [{data={id=1, username=admin, role=ADMIN, orgTags=[default, admin], primaryOrg=default, createdAt=202 (truncated)...]
2026-01-04 10:49:47.921 [http-nio-8081-exec-4] DEBUG org.springframework.web.servlet.DispatcherServlet - Completed 200 OK
2026-01-04 10:49:47.952 [http-nio-8081-exec-5] DEBUG o.s.w.s.m.m.annotation.HttpEntityMethodProcessor - Using 'application/json', given [application/json, text/plain, */*] and supported [application/json, application/*+json]
2026-01-04 10:49:47.953 [http-nio-8081-exec-5] DEBUG o.s.w.s.m.m.annotation.HttpEntityMethodProcessor - Writing [{code=200, data=[{role=user, content=你好, timestamp=2026-01-02T18:56:03}, {role=assistant, content=你好 (truncated)...]
2026-01-04 10:49:47.959 [http-nio-8081-exec-5] DEBUG org.springframework.web.servlet.DispatcherServlet - Completed 200 OK
2026-01-04 10:50:28.445 [http-nio-8081-exec-7] DEBUG org.springframework.security.web.FilterChainProxy - Securing GET /api/v1/users/me
2026-01-04 10:50:28.467 [http-nio-8081-exec-7] DEBUG org.springframework.security.web.FilterChainProxy - Secured GET /api/v1/users/me
2026-01-04 10:50:28.467 [http-nio-8081-exec-7] DEBUG org.springframework.web.servlet.DispatcherServlet - GET "/api/v1/users/me", parameters={}
2026-01-04 10:50:28.467 [http-nio-8081-exec-7] DEBUG o.s.w.s.m.m.a.RequestMappingHandlerMapping - Mapped to com.yizhaoqi.minercap.controller.UserController#getCurrentUser(String)
2026-01-04 10:50:28.481 [http-nio-8081-exec-7] DEBUG o.s.w.s.m.m.annotation.HttpEntityMethodProcessor - Using 'application/json', given [application/json, text/plain, */*] and supported [application/json, application/*+json]
2026-01-04 10:50:28.482 [http-nio-8081-exec-7] DEBUG o.s.w.s.m.m.annotation.HttpEntityMethodProcessor - Writing [{data={id=1, username=admin, role=ADMIN, orgTags=[default, admin], primaryOrg=default, createdAt=202 (truncated)...]
2026-01-04 10:50:28.486 [http-nio-8081-exec-7] DEBUG org.springframework.web.servlet.DispatcherServlet - Completed 200 OK
2026-01-04 10:50:30.236 [http-nio-8081-exec-8] DEBUG org.springframework.security.web.FilterChainProxy - Securing GET /api/v1/documents/uploads
2026-01-04 10:50:30.256 [http-nio-8081-exec-8] INFO  c.y.smartpai.config.OrgTagAuthorizationFilter - 处理获取用户文档请求: /api/v1/documents/uploads
2026-01-04 10:50:30.261 [http-nio-8081-exec-8] DEBUG org.springframework.security.web.FilterChainProxy - Secured GET /api/v1/documents/uploads
2026-01-04 10:50:30.262 [http-nio-8081-exec-8] DEBUG org.springframework.web.servlet.DispatcherServlet - GET "/api/v1/documents/uploads", parameters={}
2026-01-04 10:50:30.262 [http-nio-8081-exec-8] DEBUG o.s.w.s.m.m.a.RequestMappingHandlerMapping - Mapped to com.yizhaoqi.minercap.controller.DocumentController#getUserUploadedFiles(String)
2026-01-04 10:50:30.266 [http-nio-8081-exec-8] INFO  com.yizhaoqi.minercap.service.DocumentService - 获取用户上传的文件列表: userId=1
2026-01-04 10:50:30.274 [http-nio-8081-exec-8] INFO  com.yizhaoqi.minercap.service.DocumentService - 成功获取用户上传的文件列表: userId=1, fileCount=0
2026-01-04 10:50:30.277 [http-nio-8081-exec-8] DEBUG o.s.w.s.m.m.annotation.HttpEntityMethodProcessor - Using 'application/json', given [application/json, text/plain, */*] and supported [application/json, application/*+json]
2026-01-04 10:50:30.277 [http-nio-8081-exec-8] DEBUG o.s.w.s.m.m.annotation.HttpEntityMethodProcessor - Writing [{code=200, data=[], message=获取用户上传文件列表成功}]
2026-01-04 10:50:30.282 [http-nio-8081-exec-8] DEBUG org.springframework.web.servlet.DispatcherServlet - Completed 200 OK
2026-01-04 10:52:47.675 [http-nio-8081-exec-3] DEBUG org.springframework.security.web.FilterChainProxy - Securing GET /api/v1/admin/org-tags/tree
2026-01-04 10:52:47.690 [http-nio-8081-exec-3] DEBUG org.springframework.security.web.FilterChainProxy - Secured GET /api/v1/admin/org-tags/tree
2026-01-04 10:52:47.690 [http-nio-8081-exec-3] DEBUG org.springframework.web.servlet.DispatcherServlet - GET "/api/v1/admin/org-tags/tree", parameters={}
2026-01-04 10:52:47.690 [http-nio-8081-exec-3] DEBUG o.s.w.s.m.m.a.RequestMappingHandlerMapping - Mapped to com.yizhaoqi.minercap.controller.AdminController#getOrganizationTagTree(String)
2026-01-04 10:52:47.718 [http-nio-8081-exec-3] DEBUG o.s.w.s.m.m.annotation.HttpEntityMethodProcessor - Using 'application/json', given [application/json, text/plain, */*] and supported [application/json, application/*+json]
2026-01-04 10:52:47.718 [http-nio-8081-exec-3] DEBUG o.s.w.s.m.m.annotation.HttpEntityMethodProcessor - Writing [{data=[{tagId=admin, parentTag=null, name=管理员组织, description=管理员专用组织标签，具有管理权限}, {tagId=default, pare (truncated)...]
2026-01-04 10:52:47.721 [http-nio-8081-exec-3] DEBUG org.springframework.web.servlet.DispatcherServlet - Completed 200 OK
2026-01-04 10:53:02.242 [http-nio-8081-exec-10] DEBUG org.springframework.security.web.FilterChainProxy - Securing GET /api/v1/admin/org-tags/tree
2026-01-04 10:53:02.260 [http-nio-8081-exec-10] DEBUG org.springframework.security.web.FilterChainProxy - Secured GET /api/v1/admin/org-tags/tree
2026-01-04 10:53:02.260 [http-nio-8081-exec-10] DEBUG org.springframework.web.servlet.DispatcherServlet - GET "/api/v1/admin/org-tags/tree", parameters={}
2026-01-04 10:53:02.260 [http-nio-8081-exec-10] DEBUG o.s.w.s.m.m.a.RequestMappingHandlerMapping - Mapped to com.yizhaoqi.minercap.controller.AdminController#getOrganizationTagTree(String)
2026-01-04 10:53:02.284 [http-nio-8081-exec-10] DEBUG o.s.w.s.m.m.annotation.HttpEntityMethodProcessor - Using 'application/json', given [application/json, text/plain, */*] and supported [application/json, application/*+json]
2026-01-04 10:53:02.284 [http-nio-8081-exec-10] DEBUG o.s.w.s.m.m.annotation.HttpEntityMethodProcessor - Writing [{data=[{tagId=admin, parentTag=null, name=管理员组织, description=管理员专用组织标签，具有管理权限}, {tagId=default, pare (truncated)...]
2026-01-04 10:53:02.289 [http-nio-8081-exec-10] DEBUG org.springframework.web.servlet.DispatcherServlet - Completed 200 OK
2026-01-04 20:34:37.055 [http-nio-8081-exec-1] DEBUG o.s.w.s.handler.LoggingWebSocketHandlerDecorator - Transport error in StandardWebSocketSession[id=3c2192f3-f6dd-6020-c75b-78ad449ae92c, uri=ws://localhost:8081/chat/eyJhbGciOiJIUzI1NiJ9.eyJwcmltYXJ5T3JnIjoiZGVmYXVsdCIsIm9yZ1RhZ3MiOiJkZWZhdWx0LGFkbWluIiwicm9sZSI6IkFETUlOIiwidG9rZW5JZCI6IjNjZmIzYjg1NWM1NjQyYmZhMWM3YTQ1MGY0M2MwZGExIiwidXNlcklkIjoiMSIsInN1YiI6ImFkbWluIiwiZXhwIjoxNzY3NDk4NTg3fQ.XRifXKyFPoSaf5wGueSqdVeoZp2-s8FNijietq6yvV0]
java.io.IOException: java.net.SocketTimeoutException
	at org.apache.tomcat.websocket.WsRemoteEndpointImplBase.sendMessageBlockInternal(WsRemoteEndpointImplBase.java:326)
	at org.apache.tomcat.websocket.WsRemoteEndpointImplBase.sendMessageBlock(WsRemoteEndpointImplBase.java:266)
	at org.apache.tomcat.websocket.WsSession.sendCloseMessage(WsSession.java:792)
	at org.apache.tomcat.websocket.WsSession.onClose(WsSession.java:640)
	at org.apache.tomcat.websocket.WsFrameBase.processDataControl(WsFrameBase.java:347)
	at org.apache.tomcat.websocket.WsFrameBase.processData(WsFrameBase.java:279)
	at org.apache.tomcat.websocket.WsFrameBase.processInputBuffer(WsFrameBase.java:130)
	at org.apache.tomcat.websocket.server.WsFrameServer.onDataAvailable(WsFrameServer.java:85)
	at org.apache.tomcat.websocket.server.WsFrameServer.doOnDataAvailable(WsFrameServer.java:184)
	at org.apache.tomcat.websocket.server.WsFrameServer.notifyDataAvailable(WsFrameServer.java:164)
	at org.apache.tomcat.websocket.server.WsHttpUpgradeHandler.upgradeDispatch(WsHttpUpgradeHandler.java:152)
	at org.apache.coyote.http11.upgrade.UpgradeProcessorInternal.dispatch(UpgradeProcessorInternal.java:60)
	at org.apache.coyote.AbstractProcessorLight.process(AbstractProcessorLight.java:57)
	at org.apache.coyote.AbstractProtocol$ConnectionHandler.process(AbstractProtocol.java:905)
	at org.apache.tomcat.util.net.NioEndpoint$SocketProcessor.doRun(NioEndpoint.java:1741)
	at org.apache.tomcat.util.net.SocketProcessorBase.run(SocketProcessorBase.java:52)
	at org.apache.tomcat.util.threads.ThreadPoolExecutor.runWorker(ThreadPoolExecutor.java:1190)
	at org.apache.tomcat.util.threads.ThreadPoolExecutor$Worker.run(ThreadPoolExecutor.java:659)
	at org.apache.tomcat.util.threads.TaskThread$WrappingRunnable.run(TaskThread.java:63)
	at java.base/java.lang.Thread.run(Thread.java:842)
Caused by: java.net.SocketTimeoutException: null
	at org.apache.tomcat.websocket.server.WsRemoteEndpointImplServer.doWrite(WsRemoteEndpointImplServer.java:158)
	at org.apache.tomcat.websocket.WsRemoteEndpointImplBase.writeMessagePart(WsRemoteEndpointImplBase.java:521)
	at org.apache.tomcat.websocket.WsRemoteEndpointImplBase.sendMessageBlockInternal(WsRemoteEndpointImplBase.java:313)
	... 19 common frames omitted
2026-01-04 20:34:37.797 [http-nio-8081-exec-1] DEBUG o.s.w.s.handler.LoggingWebSocketHandlerDecorator - StandardWebSocketSession[id=3c2192f3-f6dd-6020-c75b-78ad449ae92c, uri=ws://localhost:8081/chat/eyJhbGciOiJIUzI1NiJ9.eyJwcmltYXJ5T3JnIjoiZGVmYXVsdCIsIm9yZ1RhZ3MiOiJkZWZhdWx0LGFkbWluIiwicm9sZSI6IkFETUlOIiwidG9rZW5JZCI6IjNjZmIzYjg1NWM1NjQyYmZhMWM3YTQ1MGY0M2MwZGExIiwidXNlcklkIjoiMSIsInN1YiI6ImFkbWluIiwiZXhwIjoxNzY3NDk4NTg3fQ.XRifXKyFPoSaf5wGueSqdVeoZp2-s8FNijietq6yvV0] closed with CloseStatus[code=1001, reason=null]
2026-01-04 20:34:37.940 [http-nio-8081-exec-1] INFO  c.yizhaoqi.smartpai.handler.ChatWebSocketHandler - WebSocket连接已关闭，用户ID: admin，会话ID: 3c2192f3-f6dd-6020-c75b-78ad449ae92c，状态: CloseStatus[code=1001, reason=null]
2026-01-04 21:38:30.583 [http-nio-8081-exec-2] DEBUG org.springframework.security.web.FilterChainProxy - Securing GET /api/v1/users/me
2026-01-04 21:38:30.835 [http-nio-8081-exec-2] DEBUG o.s.s.w.a.AnonymousAuthenticationFilter - Set SecurityContextHolder to anonymous SecurityContext
2026-01-04 21:38:30.851 [http-nio-8081-exec-2] DEBUG o.s.s.w.authentication.Http403ForbiddenEntryPoint - Pre-authenticated entry point called. Rejecting access
2026-01-04 21:38:30.881 [http-nio-8081-exec-2] DEBUG org.springframework.security.web.FilterChainProxy - Securing GET /error
2026-01-04 21:38:30.882 [http-nio-8081-exec-2] DEBUG o.s.s.w.a.AnonymousAuthenticationFilter - Set SecurityContextHolder to anonymous SecurityContext
2026-01-04 21:38:30.882 [http-nio-8081-exec-2] DEBUG o.s.s.w.authentication.Http403ForbiddenEntryPoint - Pre-authenticated entry point called. Rejecting access
2026-01-05 09:54:29.804 [http-nio-8081-exec-9] DEBUG org.springframework.security.web.FilterChainProxy - Securing POST /api/v1/users/login
2026-01-05 09:54:29.816 [http-nio-8081-exec-9] DEBUG o.s.s.w.a.AnonymousAuthenticationFilter - Set SecurityContextHolder to anonymous SecurityContext
2026-01-05 09:54:29.821 [http-nio-8081-exec-9] DEBUG org.springframework.security.web.FilterChainProxy - Secured POST /api/v1/users/login
2026-01-05 09:54:29.829 [http-nio-8081-exec-9] DEBUG org.springframework.web.servlet.DispatcherServlet - POST "/api/v1/users/login", parameters={}
2026-01-05 09:54:29.834 [http-nio-8081-exec-9] DEBUG o.s.w.s.m.m.a.RequestMappingHandlerMapping - Mapped to com.yizhaoqi.minercap.controller.UserController#login(UserRequest)
2026-01-05 09:54:30.114 [http-nio-8081-exec-9] DEBUG o.s.w.s.m.m.a.RequestResponseBodyMethodProcessor - Read "application/json;charset=UTF-8" to [UserRequest[username=admin, password=admin123]]
2026-01-05 09:54:30.541 [http-nio-8081-exec-9] DEBUG com.yizhaoqi.minercap.service.TokenCacheService - Token cached: 423630a7453b4864bc57487516d5c4b1 for user: admin
2026-01-05 09:54:30.542 [http-nio-8081-exec-9] INFO  com.yizhaoqi.minercap.utils.JwtUtils - Token generated and cached for user: admin, tokenId: 423630a7453b4864bc57487516d5c4b1
2026-01-05 09:54:30.549 [http-nio-8081-exec-9] DEBUG com.yizhaoqi.minercap.service.TokenCacheService - Refresh token cached: 1c6830172ddc465f94cfbf4c7719ea5b for user: 1
2026-01-05 09:54:30.550 [http-nio-8081-exec-9] INFO  com.yizhaoqi.minercap.utils.JwtUtils - Refresh token generated and cached for user: admin, refreshTokenId: 1c6830172ddc465f94cfbf4c7719ea5b
2026-01-05 09:54:30.567 [http-nio-8081-exec-9] DEBUG o.s.w.s.m.m.annotation.HttpEntityMethodProcessor - Using 'application/json', given [application/json, text/plain, */*] and supported [application/json, application/*+json]
2026-01-05 09:54:30.569 [http-nio-8081-exec-9] DEBUG o.s.w.s.m.m.annotation.HttpEntityMethodProcessor - Writing [{data={token=eyJhbGciOiJIUzI1NiJ9.eyJwcmltYXJ5T3JnIjoiZGVmYXVsdCIsIm9yZ1RhZ3MiOiJkZWZhdWx0LGFkbWluIi (truncated)...]
2026-01-05 09:54:30.578 [http-nio-8081-exec-9] DEBUG org.springframework.web.servlet.DispatcherServlet - Completed 200 OK
2026-01-05 09:54:30.594 [http-nio-8081-exec-6] DEBUG org.springframework.security.web.FilterChainProxy - Securing GET /api/v1/users/me
2026-01-05 09:54:31.004 [http-nio-8081-exec-6] DEBUG org.springframework.security.web.FilterChainProxy - Secured GET /api/v1/users/me
2026-01-05 09:54:31.004 [http-nio-8081-exec-6] DEBUG org.springframework.web.servlet.DispatcherServlet - GET "/api/v1/users/me", parameters={}
2026-01-05 09:54:31.004 [http-nio-8081-exec-6] DEBUG o.s.w.s.m.m.a.RequestMappingHandlerMapping - Mapped to com.yizhaoqi.minercap.controller.UserController#getCurrentUser(String)
2026-01-05 09:54:31.046 [http-nio-8081-exec-6] DEBUG o.s.w.s.m.m.annotation.HttpEntityMethodProcessor - Using 'application/json', given [application/json, text/plain, */*] and supported [application/json, application/*+json]
2026-01-05 09:54:31.048 [http-nio-8081-exec-6] DEBUG o.s.w.s.m.m.annotation.HttpEntityMethodProcessor - Writing [{data={id=1, username=admin, role=ADMIN, orgTags=[default, admin], primaryOrg=default, createdAt=202 (truncated)...]
2026-01-05 09:54:31.062 [http-nio-8081-exec-6] DEBUG org.springframework.web.servlet.DispatcherServlet - Completed 200 OK
2026-01-05 09:54:31.399 [http-nio-8081-exec-4] DEBUG org.springframework.security.web.FilterChainProxy - Securing GET /api/v1/users/me
2026-01-05 09:54:31.446 [http-nio-8081-exec-4] DEBUG org.springframework.security.web.FilterChainProxy - Secured GET /api/v1/users/me
2026-01-05 09:54:31.446 [http-nio-8081-exec-4] DEBUG org.springframework.web.servlet.DispatcherServlet - GET "/api/v1/users/me", parameters={}
2026-01-05 09:54:31.446 [http-nio-8081-exec-4] DEBUG o.s.w.s.m.m.a.RequestMappingHandlerMapping - Mapped to com.yizhaoqi.minercap.controller.UserController#getCurrentUser(String)
2026-01-05 09:54:31.466 [http-nio-8081-exec-4] DEBUG o.s.w.s.m.m.annotation.HttpEntityMethodProcessor - Using 'application/json', given [application/json, text/plain, */*] and supported [application/json, application/*+json]
2026-01-05 09:54:31.466 [http-nio-8081-exec-4] DEBUG o.s.w.s.m.m.annotation.HttpEntityMethodProcessor - Writing [{data={id=1, username=admin, role=ADMIN, orgTags=[default, admin], primaryOrg=default, createdAt=202 (truncated)...]
2026-01-05 09:54:31.472 [http-nio-8081-exec-4] DEBUG org.springframework.web.servlet.DispatcherServlet - Completed 200 OK
2026-01-05 09:54:31.561 [http-nio-8081-exec-5] DEBUG org.springframework.security.web.FilterChainProxy - Securing GET /api/v1/users/conversation?start_date=2025-12-29&end_date=2026-01-06
2026-01-05 09:54:31.596 [http-nio-8081-exec-5] DEBUG org.springframework.security.web.FilterChainProxy - Secured GET /api/v1/users/conversation?start_date=2025-12-29&end_date=2026-01-06
2026-01-05 09:54:31.599 [http-nio-8081-exec-5] DEBUG org.springframework.web.servlet.DispatcherServlet - GET "/api/v1/users/conversation?start_date=2025-12-29&end_date=2026-01-06", parameters={masked}
2026-01-05 09:54:31.600 [http-nio-8081-exec-5] DEBUG o.s.w.s.m.m.a.RequestMappingHandlerMapping - Mapped to com.yizhaoqi.minercap.controller.ConversationController#getConversations(String, String, String)
2026-01-05 09:54:31.670 [http-nio-8081-exec-5] DEBUG o.s.w.s.m.m.annotation.HttpEntityMethodProcessor - Using 'application/json', given [application/json, text/plain, */*] and supported [application/json, application/*+json]
2026-01-05 09:54:31.670 [http-nio-8081-exec-5] DEBUG o.s.w.s.m.m.annotation.HttpEntityMethodProcessor - Writing [{code=200, data=[{role=user, content=你好, timestamp=2026-01-02T18:56:03}, {role=assistant, content=你好 (truncated)...]
2026-01-05 09:54:31.677 [http-nio-8081-exec-5] DEBUG org.springframework.web.servlet.DispatcherServlet - Completed 200 OK
2026-01-05 09:54:31.832 [http-nio-8081-exec-7] DEBUG org.springframework.security.web.FilterChainProxy - Securing GET /chat/eyJhbGciOiJIUzI1NiJ9.eyJwcmltYXJ5T3JnIjoiZGVmYXVsdCIsIm9yZ1RhZ3MiOiJkZWZhdWx0LGFkbWluIiwicm9sZSI6IkFETUlOIiwidG9rZW5JZCI6IjQyMzYzMGE3NDUzYjQ4NjRiYzU3NDg3NTE2ZDVjNGIxIiwidXNlcklkIjoiMSIsInN1YiI6ImFkbWluIiwiZXhwIjoxNzY3NTgxNjcwfQ.XWpBl2fK3240HMfzIptilQvYRMs7Wl5X9H5JcIpReYo
2026-01-05 09:54:31.834 [http-nio-8081-exec-7] DEBUG o.s.s.w.a.AnonymousAuthenticationFilter - Set SecurityContextHolder to anonymous SecurityContext
2026-01-05 09:54:31.834 [http-nio-8081-exec-7] DEBUG org.springframework.security.web.FilterChainProxy - Secured GET /chat/eyJhbGciOiJIUzI1NiJ9.eyJwcmltYXJ5T3JnIjoiZGVmYXVsdCIsIm9yZ1RhZ3MiOiJkZWZhdWx0LGFkbWluIiwicm9sZSI6IkFETUlOIiwidG9rZW5JZCI6IjQyMzYzMGE3NDUzYjQ4NjRiYzU3NDg3NTE2ZDVjNGIxIiwidXNlcklkIjoiMSIsInN1YiI6ImFkbWluIiwiZXhwIjoxNzY3NTgxNjcwfQ.XWpBl2fK3240HMfzIptilQvYRMs7Wl5X9H5JcIpReYo
2026-01-05 09:54:31.834 [http-nio-8081-exec-7] DEBUG org.springframework.web.servlet.DispatcherServlet - GET "/chat/eyJhbGciOiJIUzI1NiJ9.eyJwcmltYXJ5T3JnIjoiZGVmYXVsdCIsIm9yZ1RhZ3MiOiJkZWZhdWx0LGFkbWluIiwicm9sZSI6IkFETUlOIiwidG9rZW5JZCI6IjQyMzYzMGE3NDUzYjQ4NjRiYzU3NDg3NTE2ZDVjNGIxIiwidXNlcklkIjoiMSIsInN1YiI6ImFkbWluIiwiZXhwIjoxNzY3NTgxNjcwfQ.XWpBl2fK3240HMfzIptilQvYRMs7Wl5X9H5JcIpReYo", parameters={}
2026-01-05 09:54:31.836 [http-nio-8081-exec-7] DEBUG o.s.w.s.server.support.WebSocketHandlerMapping - Mapped to org.springframework.web.socket.server.support.WebSocketHttpRequestHandler@79b417ed
2026-01-05 09:54:31.837 [http-nio-8081-exec-7] DEBUG o.s.w.s.server.support.WebSocketHttpRequestHandler - GET /chat/eyJhbGciOiJIUzI1NiJ9.eyJwcmltYXJ5T3JnIjoiZGVmYXVsdCIsIm9yZ1RhZ3MiOiJkZWZhdWx0LGFkbWluIiwicm9sZSI6IkFETUlOIiwidG9rZW5JZCI6IjQyMzYzMGE3NDUzYjQ4NjRiYzU3NDg3NTE2ZDVjNGIxIiwidXNlcklkIjoiMSIsInN1YiI6ImFkbWluIiwiZXhwIjoxNzY3NTgxNjcwfQ.XWpBl2fK3240HMfzIptilQvYRMs7Wl5X9H5JcIpReYo
2026-01-05 09:54:31.872 [http-nio-8081-exec-7] DEBUG org.springframework.web.servlet.DispatcherServlet - Completed 101 SWITCHING_PROTOCOLS
2026-01-05 09:54:31.881 [http-nio-8081-exec-7] DEBUG o.s.w.s.handler.LoggingWebSocketHandlerDecorator - New StandardWebSocketSession[id=2e3f0b50-64f2-7bbf-b4c1-d333494d894e, uri=ws://localhost:8081/chat/eyJhbGciOiJIUzI1NiJ9.eyJwcmltYXJ5T3JnIjoiZGVmYXVsdCIsIm9yZ1RhZ3MiOiJkZWZhdWx0LGFkbWluIiwicm9sZSI6IkFETUlOIiwidG9rZW5JZCI6IjQyMzYzMGE3NDUzYjQ4NjRiYzU3NDg3NTE2ZDVjNGIxIiwidXNlcklkIjoiMSIsInN1YiI6ImFkbWluIiwiZXhwIjoxNzY3NTgxNjcwfQ.XWpBl2fK3240HMfzIptilQvYRMs7Wl5X9H5JcIpReYo]
2026-01-05 09:54:31.890 [http-nio-8081-exec-7] INFO  c.yizhaoqi.smartpai.handler.ChatWebSocketHandler - WebSocket连接已建立，用户ID: admin，会话ID: 2e3f0b50-64f2-7bbf-b4c1-d333494d894e，URI路径: /chat/eyJhbGciOiJIUzI1NiJ9.eyJwcmltYXJ5T3JnIjoiZGVmYXVsdCIsIm9yZ1RhZ3MiOiJkZWZhdWx0LGFkbWluIiwicm9sZSI6IkFETUlOIiwidG9rZW5JZCI6IjQyMzYzMGE3NDUzYjQ4NjRiYzU3NDg3NTE2ZDVjNGIxIiwidXNlcklkIjoiMSIsInN1YiI6ImFkbWluIiwiZXhwIjoxNzY3NTgxNjcwfQ.XWpBl2fK3240HMfzIptilQvYRMs7Wl5X9H5JcIpReYo
2026-01-05 10:54:28.818 [http-nio-8081-exec-8] DEBUG org.springframework.security.web.FilterChainProxy - Securing GET /api/v1/users/me
2026-01-05 10:54:29.060 [http-nio-8081-exec-8] DEBUG com.yizhaoqi.minercap.service.TokenCacheService - Token cached: 918665793cec44ab9ad1a1c92168f147 for user: admin
2026-01-05 10:54:29.061 [http-nio-8081-exec-8] INFO  com.yizhaoqi.minercap.utils.JwtUtils - Token generated and cached for user: admin, tokenId: 918665793cec44ab9ad1a1c92168f147
2026-01-05 10:54:29.062 [http-nio-8081-exec-8] INFO  com.yizhaoqi.minercap.utils.JwtUtils - Token refreshed successfully for user: admin
2026-01-05 10:54:29.067 [http-nio-8081-exec-8] INFO  c.yizhaoqi.smartpai.config.JwtAuthenticationFilter - Token auto-refreshed proactively
2026-01-05 10:54:29.110 [http-nio-8081-exec-8] DEBUG org.springframework.security.web.FilterChainProxy - Secured GET /api/v1/users/me
2026-01-05 10:54:29.112 [http-nio-8081-exec-8] DEBUG org.springframework.web.servlet.DispatcherServlet - GET "/api/v1/users/me", parameters={}
2026-01-05 10:54:29.112 [http-nio-8081-exec-3] DEBUG org.springframework.security.web.FilterChainProxy - Securing GET /api/v1/admin/conversation?userid=1&start_date=2025-12-29&end_date=2026-01-06
2026-01-05 10:54:29.112 [http-nio-8081-exec-10] DEBUG org.springframework.security.web.FilterChainProxy - Securing GET /api/v1/admin/users/list?page=1&size=999&orgTag=default
2026-01-05 10:54:29.112 [http-nio-8081-exec-8] DEBUG o.s.w.s.m.m.a.RequestMappingHandlerMapping - Mapped to com.yizhaoqi.minercap.controller.UserController#getCurrentUser(String)
2026-01-05 10:54:29.165 [http-nio-8081-exec-8] DEBUG o.s.w.s.m.m.annotation.HttpEntityMethodProcessor - Using 'application/json', given [application/json, text/plain, */*] and supported [application/json, application/*+json]
2026-01-05 10:54:29.166 [http-nio-8081-exec-8] DEBUG o.s.w.s.m.m.annotation.HttpEntityMethodProcessor - Writing [{data={id=1, username=admin, role=ADMIN, orgTags=[default, admin], primaryOrg=default, createdAt=202 (truncated)...]
2026-01-05 10:54:29.173 [http-nio-8081-exec-3] DEBUG com.yizhaoqi.minercap.service.TokenCacheService - Token cached: 3cfb466310ef4734a72c82c6d992ca35 for user: admin
2026-01-05 10:54:29.174 [http-nio-8081-exec-3] INFO  com.yizhaoqi.minercap.utils.JwtUtils - Token generated and cached for user: admin, tokenId: 3cfb466310ef4734a72c82c6d992ca35
2026-01-05 10:54:29.174 [http-nio-8081-exec-3] INFO  com.yizhaoqi.minercap.utils.JwtUtils - Token refreshed successfully for user: admin
2026-01-05 10:54:29.174 [http-nio-8081-exec-3] INFO  c.yizhaoqi.smartpai.config.JwtAuthenticationFilter - Token auto-refreshed proactively
2026-01-05 10:54:29.179 [http-nio-8081-exec-8] DEBUG org.springframework.web.servlet.DispatcherServlet - Completed 200 OK
2026-01-05 10:54:29.179 [http-nio-8081-exec-10] DEBUG com.yizhaoqi.minercap.service.TokenCacheService - Token cached: 4c234e2088434c65a09be5d727d04f5c for user: admin
2026-01-05 10:54:29.180 [http-nio-8081-exec-10] INFO  com.yizhaoqi.minercap.utils.JwtUtils - Token generated and cached for user: admin, tokenId: 4c234e2088434c65a09be5d727d04f5c
2026-01-05 10:54:29.180 [http-nio-8081-exec-10] INFO  com.yizhaoqi.minercap.utils.JwtUtils - Token refreshed successfully for user: admin
2026-01-05 10:54:29.180 [http-nio-8081-exec-10] INFO  c.yizhaoqi.smartpai.config.JwtAuthenticationFilter - Token auto-refreshed proactively
2026-01-05 10:54:29.189 [http-nio-8081-exec-3] DEBUG org.springframework.security.web.FilterChainProxy - Secured GET /api/v1/admin/conversation?userid=1&start_date=2025-12-29&end_date=2026-01-06
2026-01-05 10:54:29.190 [http-nio-8081-exec-10] DEBUG org.springframework.security.web.FilterChainProxy - Secured GET /api/v1/admin/users/list?page=1&size=999&orgTag=default
2026-01-05 10:54:29.190 [http-nio-8081-exec-10] DEBUG org.springframework.web.servlet.DispatcherServlet - GET "/api/v1/admin/users/list?page=1&size=999&orgTag=default", parameters={masked}
2026-01-05 10:54:29.190 [http-nio-8081-exec-3] DEBUG org.springframework.web.servlet.DispatcherServlet - GET "/api/v1/admin/conversation?userid=1&start_date=2025-12-29&end_date=2026-01-06", parameters={masked}
2026-01-05 10:54:29.191 [http-nio-8081-exec-3] DEBUG o.s.w.s.m.m.a.RequestMappingHandlerMapping - Mapped to com.yizhaoqi.minercap.controller.AdminController#getAllConversations(String, String, String, String)
2026-01-05 10:54:29.191 [http-nio-8081-exec-10] DEBUG o.s.w.s.m.m.a.RequestMappingHandlerMapping - Mapped to com.yizhaoqi.minercap.controller.AdminController#getUserList(String, String, String, Integer, int, int)
2026-01-05 10:54:29.908 [http-nio-8081-exec-10] DEBUG o.s.w.s.m.m.annotation.HttpEntityMethodProcessor - Using 'application/json', given [application/json, text/plain, */*] and supported [application/json, application/*+json]
2026-01-05 10:54:29.908 [http-nio-8081-exec-10] DEBUG o.s.w.s.m.m.annotation.HttpEntityMethodProcessor - Writing [{data={number=1, size=999, totalPages=1, content=[{primaryOrg=default, createdAt=2026-01-02T17:58:26 (truncated)...]
2026-01-05 10:54:29.910 [http-nio-8081-exec-3] DEBUG o.s.w.s.m.m.annotation.HttpEntityMethodProcessor - Using 'application/json', given [application/json, text/plain, */*] and supported [application/json, application/*+json]
2026-01-05 10:54:29.910 [http-nio-8081-exec-3] DEBUG o.s.w.s.m.m.annotation.HttpEntityMethodProcessor - Writing [{code=200, data=[{role=user, content=你好, timestamp=2026-01-02T18:56:03, username=admin}, {role=assis (truncated)...]
2026-01-05 10:54:29.914 [http-nio-8081-exec-3] DEBUG org.springframework.web.servlet.DispatcherServlet - Completed 200 OK
2026-01-05 10:54:29.922 [http-nio-8081-exec-10] DEBUG org.springframework.web.servlet.DispatcherServlet - Completed 200 OK
2026-01-05 10:54:31.916 [http-nio-8081-exec-1] DEBUG org.springframework.security.web.FilterChainProxy - Securing GET /api/v1/users/me
2026-01-05 10:54:31.931 [http-nio-8081-exec-1] DEBUG org.springframework.security.web.FilterChainProxy - Secured GET /api/v1/users/me
2026-01-05 10:54:31.932 [http-nio-8081-exec-1] DEBUG org.springframework.web.servlet.DispatcherServlet - GET "/api/v1/users/me", parameters={}
2026-01-05 10:54:31.932 [http-nio-8081-exec-1] DEBUG o.s.w.s.m.m.a.RequestMappingHandlerMapping - Mapped to com.yizhaoqi.minercap.controller.UserController#getCurrentUser(String)
2026-01-05 10:54:31.946 [http-nio-8081-exec-1] DEBUG o.s.w.s.m.m.annotation.HttpEntityMethodProcessor - Using 'application/json', given [application/json, text/plain, */*] and supported [application/json, application/*+json]
2026-01-05 10:54:31.946 [http-nio-8081-exec-1] DEBUG o.s.w.s.m.m.annotation.HttpEntityMethodProcessor - Writing [{data={id=1, username=admin, role=ADMIN, orgTags=[default, admin], primaryOrg=default, createdAt=202 (truncated)...]
2026-01-05 10:54:31.951 [http-nio-8081-exec-1] DEBUG org.springframework.web.servlet.DispatcherServlet - Completed 200 OK
2026-01-05 10:54:32.342 [http-nio-8081-exec-2] DEBUG org.springframework.security.web.FilterChainProxy - Securing GET /api/v1/documents/uploads
2026-01-05 10:54:32.361 [http-nio-8081-exec-2] INFO  c.y.smartpai.config.OrgTagAuthorizationFilter - 处理获取用户文档请求: /api/v1/documents/uploads
2026-01-05 10:54:32.366 [http-nio-8081-exec-2] DEBUG org.springframework.security.web.FilterChainProxy - Secured GET /api/v1/documents/uploads
2026-01-05 10:54:32.366 [http-nio-8081-exec-2] DEBUG org.springframework.web.servlet.DispatcherServlet - GET "/api/v1/documents/uploads", parameters={}
2026-01-05 10:54:32.366 [http-nio-8081-exec-2] DEBUG o.s.w.s.m.m.a.RequestMappingHandlerMapping - Mapped to com.yizhaoqi.minercap.controller.DocumentController#getUserUploadedFiles(String)
2026-01-05 10:54:32.371 [http-nio-8081-exec-2] INFO  com.yizhaoqi.minercap.service.DocumentService - 获取用户上传的文件列表: userId=1
2026-01-05 10:54:32.387 [http-nio-8081-exec-2] INFO  com.yizhaoqi.minercap.service.DocumentService - 成功获取用户上传的文件列表: userId=1, fileCount=0
2026-01-05 10:54:32.389 [http-nio-8081-exec-2] DEBUG o.s.w.s.m.m.annotation.HttpEntityMethodProcessor - Using 'application/json', given [application/json, text/plain, */*] and supported [application/json, application/*+json]
2026-01-05 10:54:32.389 [http-nio-8081-exec-2] DEBUG o.s.w.s.m.m.annotation.HttpEntityMethodProcessor - Writing [{code=200, data=[], message=获取用户上传文件列表成功}]
2026-01-05 10:54:32.395 [http-nio-8081-exec-2] DEBUG org.springframework.web.servlet.DispatcherServlet - Completed 200 OK
2026-01-05 10:54:36.953 [http-nio-8081-exec-9] DEBUG org.springframework.security.web.FilterChainProxy - Securing GET /api/v1/users/me
2026-01-05 10:54:36.973 [http-nio-8081-exec-9] DEBUG org.springframework.security.web.FilterChainProxy - Secured GET /api/v1/users/me
2026-01-05 10:54:36.973 [http-nio-8081-exec-9] DEBUG org.springframework.web.servlet.DispatcherServlet - GET "/api/v1/users/me", parameters={}
2026-01-05 10:54:36.973 [http-nio-8081-exec-9] DEBUG o.s.w.s.m.m.a.RequestMappingHandlerMapping - Mapped to com.yizhaoqi.minercap.controller.UserController#getCurrentUser(String)
2026-01-05 10:54:36.985 [http-nio-8081-exec-9] DEBUG o.s.w.s.m.m.annotation.HttpEntityMethodProcessor - Using 'application/json', given [application/json, text/plain, */*] and supported [application/json, application/*+json]
2026-01-05 10:54:36.986 [http-nio-8081-exec-9] DEBUG o.s.w.s.m.m.annotation.HttpEntityMethodProcessor - Writing [{data={id=1, username=admin, role=ADMIN, orgTags=[default, admin], primaryOrg=default, createdAt=202 (truncated)...]
2026-01-05 10:54:36.990 [http-nio-8081-exec-9] DEBUG org.springframework.web.servlet.DispatcherServlet - Completed 200 OK
2026-01-05 10:54:37.214 [http-nio-8081-exec-6] DEBUG org.springframework.security.web.FilterChainProxy - Securing GET /api/v1/users/conversation?start_date=2025-12-29&end_date=2026-01-06
2026-01-05 10:54:37.236 [http-nio-8081-exec-6] DEBUG org.springframework.security.web.FilterChainProxy - Secured GET /api/v1/users/conversation?start_date=2025-12-29&end_date=2026-01-06
2026-01-05 10:54:37.238 [http-nio-8081-exec-6] DEBUG org.springframework.web.servlet.DispatcherServlet - GET "/api/v1/users/conversation?start_date=2025-12-29&end_date=2026-01-06", parameters={masked}
2026-01-05 10:54:37.238 [http-nio-8081-exec-6] DEBUG o.s.w.s.m.m.a.RequestMappingHandlerMapping - Mapped to com.yizhaoqi.minercap.controller.ConversationController#getConversations(String, String, String)
2026-01-05 10:54:37.258 [http-nio-8081-exec-6] DEBUG o.s.w.s.m.m.annotation.HttpEntityMethodProcessor - Using 'application/json', given [application/json, text/plain, */*] and supported [application/json, application/*+json]
2026-01-05 10:54:37.260 [http-nio-8081-exec-6] DEBUG o.s.w.s.m.m.annotation.HttpEntityMethodProcessor - Writing [{code=200, data=[{role=user, content=你好, timestamp=2026-01-02T18:56:03}, {role=assistant, content=你好 (truncated)...]
2026-01-05 10:54:37.266 [http-nio-8081-exec-6] DEBUG org.springframework.web.servlet.DispatcherServlet - Completed 200 OK
2026-01-05 10:54:41.166 [http-nio-8081-exec-4] DEBUG org.springframework.security.web.FilterChainProxy - Securing POST /api/v1/users/logout
2026-01-05 10:54:41.178 [http-nio-8081-exec-4] DEBUG org.springframework.security.web.FilterChainProxy - Secured POST /api/v1/users/logout
2026-01-05 10:54:41.179 [http-nio-8081-exec-4] DEBUG org.springframework.web.servlet.DispatcherServlet - POST "/api/v1/users/logout", parameters={}
2026-01-05 10:54:41.180 [http-nio-8081-exec-4] DEBUG o.s.w.s.m.m.a.RequestMappingHandlerMapping - Mapped to com.yizhaoqi.minercap.controller.UserController#logout(String)
2026-01-05 10:54:41.188 [http-nio-8081-exec-4] DEBUG com.yizhaoqi.minercap.service.TokenCacheService - Token blacklisted: 4c234e2088434c65a09be5d727d04f5c
2026-01-05 10:54:41.200 [http-nio-8081-exec-4] DEBUG com.yizhaoqi.minercap.service.TokenCacheService - Token removed from cache: 4c234e2088434c65a09be5d727d04f5c
2026-01-05 10:54:41.200 [http-nio-8081-exec-4] INFO  com.yizhaoqi.minercap.utils.JwtUtils - Token invalidated: 4c234e2088434c65a09be5d727d04f5c
2026-01-05 10:54:41.202 [http-nio-8081-exec-4] DEBUG o.s.w.s.m.m.annotation.HttpEntityMethodProcessor - Using 'application/json', given [application/json, text/plain, */*] and supported [application/json, application/*+json]
2026-01-05 10:54:41.203 [http-nio-8081-exec-4] DEBUG o.s.w.s.m.m.annotation.HttpEntityMethodProcessor - Writing [{code=200, message=Logout successful}]
2026-01-05 10:54:41.209 [http-nio-8081-exec-4] DEBUG org.springframework.web.servlet.DispatcherServlet - Completed 200 OK
2026-01-05 10:55:03.309 [http-nio-8081-exec-5] DEBUG org.springframework.security.web.FilterChainProxy - Securing POST /api/v1/users/login
2026-01-05 10:55:03.309 [http-nio-8081-exec-5] DEBUG o.s.s.w.a.AnonymousAuthenticationFilter - Set SecurityContextHolder to anonymous SecurityContext
2026-01-05 10:55:03.309 [http-nio-8081-exec-5] DEBUG org.springframework.security.web.FilterChainProxy - Secured POST /api/v1/users/login
2026-01-05 10:55:03.310 [http-nio-8081-exec-5] DEBUG org.springframework.web.servlet.DispatcherServlet - POST "/api/v1/users/login", parameters={}
2026-01-05 10:55:03.310 [http-nio-8081-exec-5] DEBUG o.s.w.s.m.m.a.RequestMappingHandlerMapping - Mapped to com.yizhaoqi.minercap.controller.UserController#login(UserRequest)
2026-01-05 10:55:03.313 [http-nio-8081-exec-5] DEBUG o.s.w.s.m.m.a.RequestResponseBodyMethodProcessor - Read "application/json;charset=UTF-8" to [UserRequest[username=admin, password=admin123]]
2026-01-05 10:55:03.418 [http-nio-8081-exec-5] DEBUG com.yizhaoqi.minercap.service.TokenCacheService - Token cached: d52d9bc9dcf04d4f9255495b82d3fc61 for user: admin
2026-01-05 10:55:03.418 [http-nio-8081-exec-5] INFO  com.yizhaoqi.minercap.utils.JwtUtils - Token generated and cached for user: admin, tokenId: d52d9bc9dcf04d4f9255495b82d3fc61
2026-01-05 10:55:03.424 [http-nio-8081-exec-5] DEBUG com.yizhaoqi.minercap.service.TokenCacheService - Refresh token cached: d5c5ad7b280544279d500391d27ddff2 for user: 1
2026-01-05 10:55:03.424 [http-nio-8081-exec-5] INFO  com.yizhaoqi.minercap.utils.JwtUtils - Refresh token generated and cached for user: admin, refreshTokenId: d5c5ad7b280544279d500391d27ddff2
2026-01-05 10:55:03.424 [http-nio-8081-exec-5] DEBUG o.s.w.s.m.m.annotation.HttpEntityMethodProcessor - Using 'application/json', given [application/json, text/plain, */*] and supported [application/json, application/*+json]
2026-01-05 10:55:03.424 [http-nio-8081-exec-5] DEBUG o.s.w.s.m.m.annotation.HttpEntityMethodProcessor - Writing [{data={token=eyJhbGciOiJIUzI1NiJ9.eyJwcmltYXJ5T3JnIjoiZGVmYXVsdCIsIm9yZ1RhZ3MiOiJkZWZhdWx0LGFkbWluIi (truncated)...]
2026-01-05 10:55:03.426 [http-nio-8081-exec-5] DEBUG org.springframework.web.servlet.DispatcherServlet - Completed 200 OK
2026-01-05 10:55:03.548 [http-nio-8081-exec-7] DEBUG org.springframework.security.web.FilterChainProxy - Securing GET /api/v1/users/me
2026-01-05 10:55:03.559 [http-nio-8081-exec-7] DEBUG org.springframework.security.web.FilterChainProxy - Secured GET /api/v1/users/me
2026-01-05 10:55:03.559 [http-nio-8081-exec-7] DEBUG org.springframework.web.servlet.DispatcherServlet - GET "/api/v1/users/me", parameters={}
2026-01-05 10:55:03.560 [http-nio-8081-exec-7] DEBUG o.s.w.s.m.m.a.RequestMappingHandlerMapping - Mapped to com.yizhaoqi.minercap.controller.UserController#getCurrentUser(String)
2026-01-05 10:55:03.566 [http-nio-8081-exec-7] DEBUG o.s.w.s.m.m.annotation.HttpEntityMethodProcessor - Using 'application/json', given [application/json, text/plain, */*] and supported [application/json, application/*+json]
2026-01-05 10:55:03.566 [http-nio-8081-exec-7] DEBUG o.s.w.s.m.m.annotation.HttpEntityMethodProcessor - Writing [{data={id=1, username=admin, role=ADMIN, orgTags=[default, admin], primaryOrg=default, createdAt=202 (truncated)...]
2026-01-05 10:55:03.568 [http-nio-8081-exec-7] DEBUG org.springframework.web.servlet.DispatcherServlet - Completed 200 OK
2026-01-05 10:55:03.748 [http-nio-8081-exec-8] DEBUG org.springframework.security.web.FilterChainProxy - Securing GET /api/v1/users/me
2026-01-05 10:55:03.762 [http-nio-8081-exec-8] DEBUG org.springframework.security.web.FilterChainProxy - Secured GET /api/v1/users/me
2026-01-05 10:55:03.762 [http-nio-8081-exec-8] DEBUG org.springframework.web.servlet.DispatcherServlet - GET "/api/v1/users/me", parameters={}
2026-01-05 10:55:03.763 [http-nio-8081-exec-8] DEBUG o.s.w.s.m.m.a.RequestMappingHandlerMapping - Mapped to com.yizhaoqi.minercap.controller.UserController#getCurrentUser(String)
2026-01-05 10:55:03.772 [http-nio-8081-exec-8] DEBUG o.s.w.s.m.m.annotation.HttpEntityMethodProcessor - Using 'application/json', given [application/json, text/plain, */*] and supported [application/json, application/*+json]
2026-01-05 10:55:03.772 [http-nio-8081-exec-8] DEBUG o.s.w.s.m.m.annotation.HttpEntityMethodProcessor - Writing [{data={id=1, username=admin, role=ADMIN, orgTags=[default, admin], primaryOrg=default, createdAt=202 (truncated)...]
2026-01-05 10:55:03.774 [http-nio-8081-exec-8] DEBUG org.springframework.web.servlet.DispatcherServlet - Completed 200 OK
2026-01-05 10:55:03.888 [http-nio-8081-exec-3] DEBUG org.springframework.security.web.FilterChainProxy - Securing GET /api/v1/users/conversation?start_date=2025-12-29&end_date=2026-01-06
2026-01-05 10:55:03.901 [http-nio-8081-exec-3] DEBUG org.springframework.security.web.FilterChainProxy - Secured GET /api/v1/users/conversation?start_date=2025-12-29&end_date=2026-01-06
2026-01-05 10:55:03.901 [http-nio-8081-exec-3] DEBUG org.springframework.web.servlet.DispatcherServlet - GET "/api/v1/users/conversation?start_date=2025-12-29&end_date=2026-01-06", parameters={masked}
2026-01-05 10:55:03.901 [http-nio-8081-exec-3] DEBUG o.s.w.s.m.m.a.RequestMappingHandlerMapping - Mapped to com.yizhaoqi.minercap.controller.ConversationController#getConversations(String, String, String)
2026-01-05 10:55:03.917 [http-nio-8081-exec-3] DEBUG o.s.w.s.m.m.annotation.HttpEntityMethodProcessor - Using 'application/json', given [application/json, text/plain, */*] and supported [application/json, application/*+json]
2026-01-05 10:55:03.917 [http-nio-8081-exec-3] DEBUG o.s.w.s.m.m.annotation.HttpEntityMethodProcessor - Writing [{code=200, data=[{role=user, content=你好, timestamp=2026-01-02T18:56:03}, {role=assistant, content=你好 (truncated)...]
2026-01-05 10:55:03.920 [http-nio-8081-exec-3] DEBUG org.springframework.web.servlet.DispatcherServlet - Completed 200 OK
2026-01-05 10:56:02.101 [SpringApplicationShutdownHook] INFO  o.s.boot.web.embedded.tomcat.GracefulShutdown - Commencing graceful shutdown. Waiting for active requests to complete
2026-01-05 10:56:02.349 [tomcat-shutdown] INFO  o.s.boot.web.embedded.tomcat.GracefulShutdown - Graceful shutdown complete
2026-01-05 10:56:02.585 [SpringApplicationShutdownHook] INFO  com.zaxxer.hikari.HikariDataSource - HikariPool-1 - Shutdown initiated...
2026-01-05 10:56:02.591 [SpringApplicationShutdownHook] INFO  com.zaxxer.hikari.HikariDataSource - HikariPool-1 - Shutdown completed.
2026-01-05 10:56:02.612 [SpringApplicationShutdownHook] DEBUG o.s.w.s.handler.LoggingWebSocketHandlerDecorator - Transport error in StandardWebSocketSession[id=2e3f0b50-64f2-7bbf-b4c1-d333494d894e, uri=ws://localhost:8081/chat/eyJhbGciOiJIUzI1NiJ9.eyJwcmltYXJ5T3JnIjoiZGVmYXVsdCIsIm9yZ1RhZ3MiOiJkZWZhdWx0LGFkbWluIiwicm9sZSI6IkFETUlOIiwidG9rZW5JZCI6IjQyMzYzMGE3NDUzYjQ4NjRiYzU3NDg3NTE2ZDVjNGIxIiwidXNlcklkIjoiMSIsInN1YiI6ImFkbWluIiwiZXhwIjoxNzY3NTgxNjcwfQ.XWpBl2fK3240HMfzIptilQvYRMs7Wl5X9H5JcIpReYo]
java.io.IOException: java.nio.channels.ClosedChannelException
	at org.apache.tomcat.websocket.WsRemoteEndpointImplBase.sendMessageBlockInternal(WsRemoteEndpointImplBase.java:326)
	at org.apache.tomcat.websocket.WsRemoteEndpointImplBase.sendMessageBlock(WsRemoteEndpointImplBase.java:266)
	at org.apache.tomcat.websocket.WsSession.sendCloseMessage(WsSession.java:792)
	at org.apache.tomcat.websocket.WsSession.doClose(WsSession.java:589)
	at org.apache.tomcat.websocket.WsSession.doClose(WsSession.java:556)
	at org.apache.tomcat.websocket.WsSession.close(WsSession.java:544)
	at org.apache.tomcat.websocket.WsWebSocketContainer.destroy(WsWebSocketContainer.java:1024)
	at org.apache.tomcat.websocket.server.WsContextListener.contextDestroyed(WsContextListener.java:46)
	at org.apache.catalina.core.StandardContext.listenerStop(StandardContext.java:4052)
	at org.apache.catalina.core.StandardContext.stopInternal(StandardContext.java:4662)
	at org.apache.catalina.util.LifecycleBase.stop(LifecycleBase.java:235)
	at org.apache.catalina.core.ContainerBase$StopChild.call(ContainerBase.java:1219)
	at org.apache.catalina.core.ContainerBase$StopChild.call(ContainerBase.java:1208)
	at java.base/java.util.concurrent.FutureTask.run(FutureTask.java:264)
	at org.apache.tomcat.util.threads.InlineExecutorService.execute(InlineExecutorService.java:75)
	at java.base/java.util.concurrent.AbstractExecutorService.submit(AbstractExecutorService.java:145)
	at org.apache.catalina.core.ContainerBase.stopInternal(ContainerBase.java:814)
	at org.apache.catalina.util.LifecycleBase.stop(LifecycleBase.java:235)
	at org.apache.catalina.core.ContainerBase$StopChild.call(ContainerBase.java:1219)
	at org.apache.catalina.core.ContainerBase$StopChild.call(ContainerBase.java:1208)
	at java.base/java.util.concurrent.FutureTask.run(FutureTask.java:264)
	at org.apache.tomcat.util.threads.InlineExecutorService.execute(InlineExecutorService.java:75)
	at java.base/java.util.concurrent.AbstractExecutorService.submit(AbstractExecutorService.java:145)
	at org.apache.catalina.core.ContainerBase.stopInternal(ContainerBase.java:814)
	at org.apache.catalina.util.LifecycleBase.stop(LifecycleBase.java:235)
	at org.apache.catalina.core.StandardService.stopInternal(StandardService.java:471)
	at org.apache.catalina.util.LifecycleBase.stop(LifecycleBase.java:235)
	at org.apache.catalina.core.StandardServer.stopInternal(StandardServer.java:915)
	at org.apache.catalina.util.LifecycleBase.stop(LifecycleBase.java:235)
	at org.apache.catalina.startup.Tomcat.stop(Tomcat.java:447)
	at org.springframework.boot.web.embedded.tomcat.TomcatWebServer.stopTomcat(TomcatWebServer.java:301)
	at org.springframework.boot.web.embedded.tomcat.TomcatWebServer.destroy(TomcatWebServer.java:374)
	at org.springframework.boot.web.servlet.context.ServletWebServerApplicationContext.doClose(ServletWebServerApplicationContext.java:177)
	at org.springframework.context.support.AbstractApplicationContext.close(AbstractApplicationContext.java:1126)
	at org.springframework.boot.SpringApplicationShutdownHook.closeAndWait(SpringApplicationShutdownHook.java:147)
	at java.base/java.lang.Iterable.forEach(Iterable.java:75)
	at org.springframework.boot.SpringApplicationShutdownHook.run(SpringApplicationShutdownHook.java:116)
	at java.base/java.lang.Thread.run(Thread.java:842)
Caused by: java.nio.channels.ClosedChannelException: null
	at org.apache.tomcat.util.net.NioChannel$1.write(NioChannel.java:273)
	at org.apache.tomcat.util.net.NioEndpoint$NioSocketWrapper$NioOperationState.run(NioEndpoint.java:1632)
	at org.apache.tomcat.util.net.SocketWrapperBase$OperationState.start(SocketWrapperBase.java:1051)
	at org.apache.tomcat.util.net.SocketWrapperBase.vectoredOperation(SocketWrapperBase.java:1440)
	at org.apache.tomcat.util.net.SocketWrapperBase.write(SocketWrapperBase.java:1366)
	at org.apache.tomcat.util.net.SocketWrapperBase.write(SocketWrapperBase.java:1337)
	at org.apache.tomcat.websocket.server.WsRemoteEndpointImplServer.doWrite(WsRemoteEndpointImplServer.java:171)
	at org.apache.tomcat.websocket.WsRemoteEndpointImplBase.writeMessagePart(WsRemoteEndpointImplBase.java:521)
	at org.apache.tomcat.websocket.WsRemoteEndpointImplBase.sendMessageBlockInternal(WsRemoteEndpointImplBase.java:313)
	... 37 common frames omitted
2026-01-05 10:56:02.613 [SpringApplicationShutdownHook] DEBUG o.s.w.s.handler.LoggingWebSocketHandlerDecorator - StandardWebSocketSession[id=2e3f0b50-64f2-7bbf-b4c1-d333494d894e, uri=ws://localhost:8081/chat/eyJhbGciOiJIUzI1NiJ9.eyJwcmltYXJ5T3JnIjoiZGVmYXVsdCIsIm9yZ1RhZ3MiOiJkZWZhdWx0LGFkbWluIiwicm9sZSI6IkFETUlOIiwidG9rZW5JZCI6IjQyMzYzMGE3NDUzYjQ4NjRiYzU3NDg3NTE2ZDVjNGIxIiwidXNlcklkIjoiMSIsInN1YiI6ImFkbWluIiwiZXhwIjoxNzY3NTgxNjcwfQ.XWpBl2fK3240HMfzIptilQvYRMs7Wl5X9H5JcIpReYo] closed with CloseStatus[code=1001, reason=The web application is stopping]
2026-01-05 10:56:02.616 [SpringApplicationShutdownHook] INFO  c.yizhaoqi.smartpai.handler.ChatWebSocketHandler - WebSocket连接已关闭，用户ID: admin，会话ID: 2e3f0b50-64f2-7bbf-b4c1-d333494d894e，状态: CloseStatus[code=1001, reason=The web application is stopping]
